使用GPU进行训练...
[INFO] Initialized random map mode, fixed size: 10x10
[INFO] 观测维度: 31 (局部:25 + 额外:6)
[INFO] 观测维度: 31 (局部:25 + 额外:6)
[INFO] 观测维度: 31 (局部:25 + 额外:6)
[INFO] 观测维度: 31 (局部:25 + 额外:6)
[INFO] 观测维度: 31 (局部:25 + 额外:6)
[INFO] Initialized random map mode, fixed size: 10x10
[INFO] 观测维度: 31 (局部:25 + 额外:6)
[INFO] 观测维度: 31 (局部:25 + 额外:6)
[INFO] 观测维度: 31 (局部:25 + 额外:6)

======================================================================
  实验名称: full_training_v13
  运行目录: /workspace/zj/light_mappo-main/results/MyEnv/MyEnv/full_training_v13/run1
  训练模式: two_phase_v2
  设备: cuda:0
======================================================================


══════════════════════════════════════════════════════════════════════
              两阶段训练 v2.0 (优化版)
══════════════════════════════════════════════════════════════════════
  Phase A: 200 episodes (分层经验池 + 智能评估)
  Phase B: 800 episodes (PPO 随机地图)
══════════════════════════════════════════════════════════════════════


════════════════════════════════════════════════════════════
              Phase A 随机地图训练 v2.0
════════════════════════════════════════════════════════════
  地图: 12×12 ~ 20×20
  Episode: 200
  并行环境数: 4
  评估: 快速(每5ep) + 完整(每20ep)
  早停阈值: 99.5%
════════════════════════════════════════════════════════════

[Ep   1-  4/200] 地图: 15/17/20/14 | Seg: 383 | BC: 0.8469, 85.8% | 池: S=3k/M=6k/L=3k | 240.3s
[Ep   5-  8/200] 地图: 18/15/14/18 | Seg: 394 | BC: 0.3334, 89.4% | 池: S=6k/M=9k/L=9k | 288.9s
[Ep   9- 12/200] 地图: 19/16/20/12 | Seg: 410 | BC: 0.2699, 90.3% | 池: S=9k/M=12k/L=15k | 317.2s
[Ep  13- 16/200] 地图: 16/19/12/20 | Seg: 421 | BC: 0.2501, 92.3% | 池: S=12k/M=15k/L=20k | 239.9s
[Ep  17- 20/200] 地图: 15/14/19/13 | Seg: 450 | BC: 0.2456, 90.9% | 池: S=18k/M=18k/L=20k | 215.8s

  ┌─ 完整评估 (ep 20) ─────────────────────┐
  │ 小地图 (10-14): 
  │ 中地图 (15-17): 3/5 3/5 | 平均: 60%
  │ 大地图 (18+):   4/5 5/5 | 平均: 90%
  │
  │ 📊 总体历史平均: 75% | 遗忘差: -75%
  │ 🏆 新最佳模型已保存 (历史率: 75%)
  └────────────────────────────────────────────┘

[Ep  21- 24/200] 地图: 15/14/12/20 | Seg: 465 | BC: 0.2402, 90.8% | 池: S=20k/M=20k/L=20k | 217.3s
[Ep  25- 28/200] 地图: 14/18/12/16 | Seg: 447 | BC: 0.2402, 91.6% | 池: S=20k/M=20k/L=20k | 191.9s
[Ep  29- 32/200] 地图: 12/15/12/18 | Seg: 488 | BC: 0.2356, 90.4% | 池: S=20k/M=20k/L=20k | 156.9s
[Ep  33- 36/200] 地图: 14/20/18/14 | Seg: 390 | BC: 0.2368, 89.7% | 池: S=20k/M=20k/L=20k | 192.1s
[Ep  37- 40/200] 地图: 15/15/19/18 | Seg: 378 | BC: 0.2443, 90.4% | 池: S=20k/M=20k/L=20k | 217.2s

  ┌─ 完整评估 (ep 40) ─────────────────────┐
  │ 小地图 (10-14): 5/5 | 平均: 100%
  │ 中地图 (15-17): 3/5 3/5 5/5 | 平均: 73%
  │ 大地图 (18+):   2/5 | 平均: 40%
  │
  │ 📊 总体历史平均: 72% | 遗忘差: -72%
  └────────────────────────────────────────────┘

[Ep  41- 44/200] 地图: 19/16/12/18 | Seg: 424 | BC: 0.2321, 91.5% | 池: S=20k/M=20k/L=20k | 317.9s
[Ep  45- 48/200] 地图: 17/17/18/19 | Seg: 361 | BC: 0.2305, 91.6% | 池: S=20k/M=20k/L=20k | 263.2s
[Ep  49- 52/200] 地图: 13/19/20/15 | Seg: 409 | BC: 0.2216, 90.8% | 池: S=20k/M=20k/L=20k | 172.6s
[Ep  53- 56/200] 地图: 17/18/14/13 | Seg: 408 | BC: 0.2151, 92.3% | 池: S=20k/M=20k/L=20k | 262.4s
[Ep  57- 60/200] 地图: 18/15/16/20 | Seg: 374 | BC: 0.2147, 91.5% | 池: S=20k/M=20k/L=20k | 284.6s

  ┌─ 完整评估 (ep 60) ─────────────────────┐
  │ 小地图 (10-14): 4/5 | 平均: 80%
  │ 中地图 (15-17): 2/5 | 平均: 40%
  │ 大地图 (18+):   3/5 3/5 | 平均: 60%
  │
  │ 📊 总体历史平均: 60% | 遗忘差: -60%
  └────────────────────────────────────────────┘

[Ep  61- 64/200] 地图: 16/19/14/13 | Seg: 438 | BC: 0.2130, 92.3% | 池: S=20k/M=20k/L=20k | 241.8s
[Ep  65- 68/200] 地图: 13/13/14/19 | Seg: 425 | BC: 0.2237, 92.2% | 池: S=20k/M=20k/L=20k | 173.3s
[Ep  69- 72/200] 地图: 20/18/14/15 | Seg: 399 | BC: 0.2180, 92.1% | 池: S=20k/M=20k/L=20k | 347.7s
[Ep  73- 76/200] 地图: 20/17/12/18 | Seg: 400 | BC: 0.2165, 92.4% | 池: S=20k/M=20k/L=20k | 347.1s
[Ep  77- 80/200] 地图: 16/17/14/15 | Seg: 449 | BC: 0.2135, 91.8% | 池: S=20k/M=20k/L=20k | 242.1s

  ┌─ 完整评估 (ep 80) ─────────────────────┐
  │ 小地图 (10-14): 5/5 | 平均: 100%
  │ 中地图 (15-17): 3/5 | 平均: 60%
  │ 大地图 (18+):   5/5 | 平均: 100%
  │
  │ 📊 总体历史平均: 87% | 遗忘差: -87%
  │ 🏆 新最佳模型已保存 (历史率: 87%)
  └────────────────────────────────────────────┘

[Ep  81- 84/200] 地图: 15/19/17/17 | Seg: 391 | BC: 0.2104, 90.8% | 池: S=20k/M=20k/L=20k | 221.7s
[Ep  85- 88/200] 地图: 18/15/12/16 | Seg: 437 | BC: 0.2124, 92.3% | 池: S=20k/M=20k/L=20k | 293.2s
[Ep  89- 92/200] 地图: 19/18/20/17 | Seg: 345 | BC: 0.2152, 90.9% | 池: S=20k/M=20k/L=20k | 322.0s
[Ep  93- 96/200] 地图: 16/16/17/16 | Seg: 409 | BC: 0.2082, 91.1% | 池: S=20k/M=20k/L=20k | 242.4s
[Ep  97-100/200] 地图: 13/15/13/13 | Seg: 490 | BC: 0.2083, 92.0% | 池: S=20k/M=20k/L=20k | 173.1s

  ┌─ 完整评估 (ep 100) ─────────────────────┐
  │ 小地图 (10-14): 3/5 | 平均: 60%
  │ 中地图 (15-17): 4/5 3/5 | 平均: 70%
  │ 大地图 (18+):   4/5 3/5 5/5 | 平均: 80%
  │
  │ 📊 总体历史平均: 73% | 遗忘差: -73%
  └────────────────────────────────────────────┘

[Ep 101-104/200] 地图: 15/15/17/14 | Seg: 436 | BC: 0.1983, 94.4% | 池: S=20k/M=20k/L=20k | 220.1s
[Ep 105-108/200] 地图: 13/17/20/18 | Seg: 402 | BC: 0.2020, 92.7% | 池: S=20k/M=20k/L=20k | 174.9s
[Ep 109-112/200] 地图: 18/16/19/15 | Seg: 396 | BC: 0.1966, 92.7% | 池: S=20k/M=20k/L=20k | 289.5s
[Ep 113-116/200] 地图: 16/13/18/13 | Seg: 458 | BC: 0.1952, 92.3% | 池: S=20k/M=20k/L=20k | 245.1s
[Ep 117-120/200] 地图: 13/20/13/14 | Seg: 479 | BC: 0.1975, 92.9% | 池: S=20k/M=20k/L=20k | 181.3s

  ┌─ 完整评估 (ep 120) ─────────────────────┐
  │ 小地图 (10-14): 3/5 | 平均: 60%
  │ 中地图 (15-17): 5/5 4/5 4/5 | 平均: 87%
  │ 大地图 (18+):   
  │
  │ 📊 总体历史平均: 80% | 遗忘差: -80%
  └────────────────────────────────────────────┘

[Ep 121-124/200] 地图: 19/12/16/18 | Seg: 363 | BC: 0.2105, 92.6% | 池: S=20k/M=20k/L=20k | 334.1s
[Ep 125-128/200] 地图: 16/19/12/12 | Seg: 434 | BC: 0.2006, 93.3% | 池: S=20k/M=20k/L=20k | 252.1s
[Ep 129-132/200] 地图: 16/15/14/17 | Seg: 431 | BC: 0.2002, 93.7% | 池: S=20k/M=20k/L=20k | 326.9s
[Ep 133-136/200] 地图: 20/18/13/15 | Seg: 405 | BC: 0.1990, 93.7% | 池: S=20k/M=20k/L=20k | 537.2s
[Ep 137-140/200] 地图: 15/17/13/19 | Seg: 408 | BC: 0.1969, 92.5% | 池: S=20k/M=20k/L=20k | 352.9s

  ┌─ 完整评估 (ep 140) ─────────────────────┐
  │ 小地图 (10-14): 3/5 | 平均: 60%
  │ 中地图 (15-17): 2/5 3/5 | 平均: 50%
  │ 大地图 (18+):   3/5 3/5 | 平均: 60%
  │
  │ 📊 总体历史平均: 56% | 遗忘差: -56%
  └────────────────────────────────────────────┘

[Ep 141-144/200] 地图: 16/15/14/16 | Seg: 427 | BC: 0.1953, 93.0% | 池: S=20k/M=20k/L=20k | 405.9s
[Ep 145-148/200] 地图: 13/19/14/19 | Seg: 401 | BC: 0.1917, 93.7% | 池: S=20k/M=20k/L=20k | 299.8s
[Ep 149-152/200] 地图: 14/16/18/18 | Seg: 390 | BC: 0.1910, 93.4% | 池: S=20k/M=20k/L=20k | 317.5s
[Ep 153-156/200] 地图: 14/13/13/13 | Seg: 474 | BC: 0.1931, 92.2% | 池: S=20k/M=20k/L=20k | 316.1s
[Ep 157-160/200] 地图: 12/16/17/14 | Seg: 454 | BC: 0.1822, 93.6% | 池: S=20k/M=20k/L=20k | 257.3s

  ┌─ 完整评估 (ep 160) ─────────────────────┐
  │ 小地图 (10-14): 4/5 | 平均: 80%
  │ 中地图 (15-17): 
  │ 大地图 (18+):   3/5 2/5 | 平均: 50%
  │
  │ 📊 总体历史平均: 60% | 遗忘差: -60%
  └────────────────────────────────────────────┘

[Ep 161-164/200] 地图: 20/16/19/19 | Seg: 370 | BC: 0.1808, 93.5% | 池: S=20k/M=20k/L=20k | 520.2s
[Ep 165-168/200] 地图: 16/17/20/20 | Seg: 372 | BC: 0.1853, 93.8% | 池: S=20k/M=20k/L=20k | 382.8s
[Ep 169-172/200] 地图: 14/19/20/18 | Seg: 360 | BC: 0.1892, 93.6% | 池: S=20k/M=20k/L=20k | 308.8s
[Ep 173-176/200] 地图: 16/12/15/20 | Seg: 428 | BC: 0.1907, 92.5% | 池: S=20k/M=20k/L=20k | 408.0s
[Ep 177-180/200] 地图: 14/19/14/15 | Seg: 426 | BC: 0.1897, 93.3% | 池: S=20k/M=20k/L=20k | 307.8s

  ┌─ 完整评估 (ep 180) ─────────────────────┐
  │ 小地图 (10-14): 2/5 | 平均: 40%
  │ 中地图 (15-17): 5/5 | 平均: 100%
  │ 大地图 (18+):   
  │
  │ 📊 总体历史平均: 70% | 遗忘差: -70%
  └────────────────────────────────────────────┘

[Ep 181-184/200] 地图: 13/18/15/14 | Seg: 452 | BC: 0.1910, 93.0% | 池: S=20k/M=20k/L=20k | 285.9s
[Ep 185-188/200] 地图: 20/16/14/12 | Seg: 455 | BC: 0.1811, 92.7% | 池: S=20k/M=20k/L=20k | 525.4s
[Ep 189-192/200] 地图: 13/19/18/19 | Seg: 399 | BC: 0.1770, 94.1% | 池: S=20k/M=20k/L=20k | 274.6s
[Ep 193-196/200] 地图: 12/19/18/14 | Seg: 427 | BC: 0.1739, 93.2% | 池: S=20k/M=20k/L=20k | 264.7s
[Ep 197-200/200] 地图: 12/14/19/20 | Seg: 424 | BC: 0.1710, 94.6% | 池: S=20k/M=20k/L=20k | 268.2s

  ┌─ 完整评估 (ep 200) ─────────────────────┐
  │ 小地图 (10-14): 
  │ 中地图 (15-17): 2/5 5/5 | 平均: 70%
  │ 大地图 (18+):   
  │
  │ 📊 总体历史平均: 70% | 遗忘差: -70%
  └────────────────────────────────────────────┘


[Phase A] 完成! 总耗时: 238.0 分钟
[Phase A] 最佳历史成功率: 86.7%

加载 Phase A 最佳模型: /workspace/zj/light_mappo-main/results/MyEnv/MyEnv/full_training_v13/run1/phase_a_astar/best_model/actor.pt

══════════════════════════════════════════════════════════════════════
                    Phase B: PPO 训练
══════════════════════════════════════════════════════════════════════
  预训练模型: None
  训练回合数: 800
  评估间隔: 每 50 回合 (自动保存模型)
  并行环境: 4
  网络结构: 256 × 4 层
══════════════════════════════════════════════════════════════════════

──────────────────────────────────────────────────────────────────────
[Phase B] Episode 0/800 - 基线评估
──────────────────────────────────────────────────────────────────────
  测试场景: 20 个
  成功: 14/20 (70.0%)
  平均步数: 15.5
  平均步数比: 1.36x (策略步数 / A* 步数)
  碰撞: 1 次
  超时: 5 次

  ✓ 模型已保存: checkpoint_ep000/
Traceback (most recent call last):
  File "train/train.py", line 231, in <module>
    main(sys.argv[1:])
  File "train/train.py", line 212, in main
    runner.run()
  File "/workspace/zj/light_mappo-main/runner/runner.py", line 149, in run
    self._run_two_phase_v2()
  File "/workspace/zj/light_mappo-main/runner/runner.py", line 202, in _run_two_phase_v2
    self._run_phase_b()
  File "/workspace/zj/light_mappo-main/runner/runner.py", line 273, in _run_phase_b
    success = phase_b_runner.run()
  File "/workspace/zj/light_mappo-main/runner/phase_b_runner.py", line 130, in run
    episode_reward = self._collect_rollout()
  File "/workspace/zj/light_mappo-main/runner/phase_b_runner.py", line 235, in _collect_rollout
    obs, rewards, dones, infos = self.envs.step(actions_env)
  File "/workspace/zj/light_mappo-main/envs/env_wrappers.py", line 46, in step
    return self.step_wait()
  File "/workspace/zj/light_mappo-main/envs/env_wrappers.py", line 66, in step_wait
    results = [env.step(a) for (a, env) in zip(self.actions, self.envs)]
  File "/workspace/zj/light_mappo-main/envs/env_wrappers.py", line 66, in <listcomp>
    results = [env.step(a) for (a, env) in zip(self.actions, self.envs)]
  File "/workspace/zj/light_mappo-main/envs/env.py", line 562, in step
    x, y = self.agents_pos[i]
TypeError: 'NoneType' object is not subscriptable
