使用GPU进行训练...
[断点续训] 复用已有目录: run1

======================================================================
  实验名称: full_v8
  运行目录: /workspace/zj/light_mappo-main/results/MyEnv/MyEnv/full_v8/run1
  训练模式: two_phase
  设备: cuda:0
======================================================================


======================================================================
              两阶段训练模式
======================================================================
  Phase A: 200 episodes (A* 在线学习)
  Phase B: 2000 episodes (PPO 训练)
======================================================================

[Phase A v8] 经验回放缓冲区已初始化 (最大容量: 100000)

======================================================================
                    Phase A: A* 在线学习
======================================================================
[Phase A] 从 checkpoint ep200 恢复模型
[Phase A] 恢复 BC 优化器状态
[Phase A] 跳过已有 200 个 episodes, 从 Episode 201 继续训练

[Phase A] 完成! 总耗时: 0.0 分钟
[Phase A→B] Phase B 已有 35 个训练 checkpoint，跳过 Phase A 模型加载（由 Phase B 续训恢复）

══════════════════════════════════════════════════════════════════════
                    Phase B: PPO 训练
══════════════════════════════════════════════════════════════════════
  预训练模型: None
  训练回合数: 2000
  评估间隔: 每 50 回合 (自动保存模型)
  并行环境: 256
  网络结构: 256 × 4 层
══════════════════════════════════════════════════════════════════════

[Phase B] 从 checkpoint ep1750 恢复模型
[Phase B] 跳过已有 1750 episodes, 从 Episode 1751 继续训练
  ep1760/2000  reward=  636.1  ploss=-0.0015  entropy=1.176  FPS=375129  ETA=1min
  ep1770/2000  reward=  651.0  ploss=-0.0013  entropy=1.172  FPS=204387  ETA=1min
  ep1780/2000  reward=  638.7  ploss=-0.0016  entropy=1.180  FPS=140876  ETA=2min
  ep1790/2000  reward=  648.4  ploss=-0.0015  entropy=1.177  FPS=107319  ETA=2min
  ep1800/2000  reward=  652.6  ploss=-0.0016  entropy=1.177  FPS=87303  ETA=3min

──────────────────────────────────────────────────────────────────────
[Phase B] Episode 1800/2000 - 评估 & 保存
──────────────────────────────────────────────────────────────────────
  评估: 27/40 (67.5%)  ratio=1.40x  timeout=12  collision=1
    small(8-12): 10/12 (83%)
    medium(13-16): 7/10 (70%)
    large(17-22): 10/18 (56%)
  ★ 新最佳模型! ep1800 (67.5%)
  ep1810/2000  reward=  633.9  ploss=-0.0015  entropy=1.182  FPS=72758  ETA=3min
  ep1820/2000  reward=  627.2  ploss=-0.0015  entropy=1.188  FPS=63058  ETA=3min
  ep1830/2000  reward=  625.8  ploss=-0.0010  entropy=1.185  FPS=55727  ETA=3min
  ep1840/2000  reward=  628.4  ploss=-0.0016  entropy=1.171  FPS=49966  ETA=3min
  ep1850/2000  reward=  634.2  ploss=-0.0014  entropy=1.203  FPS=45336  ETA=4min

──────────────────────────────────────────────────────────────────────
[Phase B] Episode 1850/2000 - 评估 & 保存
──────────────────────────────────────────────────────────────────────
  评估: 22/40 (55.0%)  ratio=1.32x  timeout=16  collision=2
    small(8-12): 11/13 (85%)
    medium(13-16): 7/18 (39%)
    large(17-22): 4/9 (44%)
  ep1860/2000  reward=  645.6  ploss=-0.0011  entropy=1.172  FPS=41301  ETA=4min
  ep1870/2000  reward=  650.9  ploss=-0.0016  entropy=1.169  FPS=38134  ETA=4min
  ep1880/2000  reward=  629.6  ploss=-0.0017  entropy=1.205  FPS=35464  ETA=4min
  ep1890/2000  reward=  621.7  ploss=-0.0014  entropy=1.194  FPS=33149  ETA=4min
  ep1900/2000  reward=  607.5  ploss=-0.0018  entropy=1.197  FPS=31158  ETA=4min

──────────────────────────────────────────────────────────────────────
[Phase B] Episode 1900/2000 - 评估 & 保存
──────────────────────────────────────────────────────────────────────
  评估: 22/40 (55.0%)  ratio=1.38x  timeout=18  collision=0
    small(8-12): 10/18 (56%)
    medium(13-16): 3/7 (43%)
    large(17-22): 9/15 (60%)
  ep1910/2000  reward=  643.4  ploss=-0.0014  entropy=1.169  FPS=29230  ETA=3min
  ep1920/2000  reward=  641.3  ploss=-0.0017  entropy=1.188  FPS=27677  ETA=3min
  ep1930/2000  reward=  646.0  ploss=-0.0015  entropy=1.186  FPS=26308  ETA=3min
  ep1940/2000  reward=  656.9  ploss=-0.0012  entropy=1.159  FPS=25072  ETA=3min
  ep1950/2000  reward=  640.4  ploss=-0.0012  entropy=1.217  FPS=23963  ETA=2min

──────────────────────────────────────────────────────────────────────
[Phase B] Episode 1950/2000 - 评估 & 保存
──────────────────────────────────────────────────────────────────────
  评估: 27/40 (67.5%)  ratio=1.28x  timeout=13  collision=0
    small(8-12): 10/14 (71%)
    medium(13-16): 7/10 (70%)
    large(17-22): 10/16 (62%)
  ep1960/2000  reward=  642.8  ploss=-0.0017  entropy=1.175  FPS=22880  ETA=2min
  ep1970/2000  reward=  636.0  ploss=-0.0013  entropy=1.172  FPS=21979  ETA=1min
  ep1980/2000  reward=  636.7  ploss=-0.0021  entropy=1.184  FPS=21157  ETA=1min
  ep1990/2000  reward=  611.9  ploss=-0.0014  entropy=1.177  FPS=20399  ETA=1min
  ep2000/2000  reward=  639.3  ploss=-0.0017  entropy=1.176  FPS=19693  ETA=0min

──────────────────────────────────────────────────────────────────────
[Phase B] Episode 2000/2000 - 评估 & 保存
──────────────────────────────────────────────────────────────────────
  评估: 23/40 (57.5%)  ratio=1.30x  timeout=16  collision=1
    small(8-12): 12/17 (71%)
    medium(13-16): 3/8 (38%)
    large(17-22): 8/15 (53%)

══════════════════════════════════════════════════════════════════════
[Phase B] 训练完成！
══════════════════════════════════════════════════════════════════════
  总耗时: 111.2 分钟
  最佳模型: ep1800 (67.5%)
  最佳模型位置: /workspace/zj/light_mappo-main/results/MyEnv/MyEnv/full_v8/run1/phase_b_ppo/best_model/

  训练效果对比:
  ┌──────────┬──────────┬──────────┬─────────────┐
  │   回合   │  成功率   │ 步数比   │   模型      │
  ├──────────┼──────────┼──────────┼─────────────┤
  │   ep1800  │   67.5%  │   1.40x  │ ✓ BEST      │
  │   ep1850  │   55.0%  │   1.32x  │ ✓ saved     │
  │   ep1900  │   55.0%  │   1.38x  │ ✓ saved     │
  │   ep1950  │   67.5%  │   1.28x  │ ✓ saved     │
  │   ep2000  │   57.5%  │   1.30x  │ ✓ final     │
  └──────────┴──────────┴──────────┴─────────────┘

  共保存 5 个 checkpoint
  保存位置: /workspace/zj/light_mappo-main/results/MyEnv/MyEnv/full_v8/run1/phase_b_ppo
══════════════════════════════════════════════════════════════════════

