使用GPU进行训练...

======================================================================
  实验名称: v8_finetune
  运行目录: /workspace/zj/light_mappo-main/results/MyEnv/MyEnv/v8_finetune/run1
  训练模式: phase_b_only
  设备: cuda:0
======================================================================


══════════════════════════════════════════════════════════════════════
                    Phase B: PPO 训练
══════════════════════════════════════════════════════════════════════
  预训练模型: results/MyEnv/MyEnv/full_v8/run1/phase_b_ppo/checkpoint_ep1350/models
  训练回合数: 800
  评估间隔: 每 50 回合 (自动保存模型)
  并行环境: 256
  网络结构: 256 × 4 层
  独立验证: 每 50 回合 (160 场景, 早停耐心=3)
  课程阶段: 1 阶段, 地图 8-22
══════════════════════════════════════════════════════════════════════

──────────────────────────────────────────────────────────────────────
[Phase B] Episode 0/800 - 基线评估
──────────────────────────────────────────────────────────────────────
  训练评估: 24/40 (60.0%)  ratio=1.02x  timeout=14  collision=2
    medium(13-17): 16/22 (73%)
    large(18-22): 8/18 (44%)

[课程阶段 1/1] 地图: 8-22, max_dist: 无限制
  ep  10/800  reward=  596.7  ploss=-0.0002  entropy=1.200  EV=0.005  FPS=2197  ETA=393min
  ep  20/800  reward=  577.8  ploss=-0.0002  entropy=1.229  EV=0.006  FPS=2193  ETA=388min
  ep  30/800  reward=  586.6  ploss=-0.0004  entropy=1.236  EV=0.005  FPS=2185  ETA=385min
  ep  40/800  reward=  574.8  ploss=-0.0004  entropy=1.228  EV=0.006  FPS=2187  ETA=380min
  ep  50/800  reward=  544.1  ploss=-0.0004  entropy=1.252  EV=0.006  FPS=2182  ETA=375min

──────────────────────────────────────────────────────────────────────
[Phase B] Episode 50/800 - 训练评估 & 保存
──────────────────────────────────────────────────────────────────────
  训练评估: 26/40 (65.0%)  ratio=1.02x  timeout=13  collision=1
    medium(13-17): 14/21 (67%)
    large(18-22): 12/19 (63%)

──────────────────────────────────────────────────────────────────────
[Phase B] Episode 50/800 - 独立验证 (160场景, A*完全禁用)
──────────────────────────────────────────────────────────────────────
  验证: 106/160 (66.2%)
    8x8: 17/20 (85%)      10x10: 15/20 (75%)      12x12: 15/20 (75%)      14x14: 15/20 (75%)      16x16: 8/20 (40%)      18x18: 9/20 (45%)      20x20: 14/20 (70%)      22x22: 13/20 (65%)  
  GIF 已保存: /workspace/zj/light_mappo-main/results/MyEnv/MyEnv/v8_finetune/run1/phase_b_ppo/val_gifs/ep0050 (8 个)
  ★ 新验证最佳! ep50 (66.2%)
  ep  60/800  reward=  588.6  ploss=-0.0003  entropy=1.244  EV=0.006  FPS=2061  ETA=392min
  ep  70/800  reward=  571.6  ploss=-0.0002  entropy=1.240  EV=0.005  FPS=2076  ETA=384min
  ep  80/800  reward=  590.0  ploss=-0.0003  entropy=1.249  EV=0.006  FPS=2088  ETA=377min
  ep  90/800  reward=  593.3  ploss=-0.0005  entropy=1.246  EV=0.007  FPS=2095  ETA=370min
  ep 100/800  reward=  574.0  ploss=-0.0002  entropy=1.262  EV=0.006  FPS=2100  ETA=364min

──────────────────────────────────────────────────────────────────────
[Phase B] Episode 100/800 - 训练评估 & 保存
──────────────────────────────────────────────────────────────────────
  训练评估: 30/40 (75.0%)  ratio=1.01x  timeout=9  collision=1
    medium(13-17): 11/13 (85%)
    large(18-22): 19/27 (70%)

──────────────────────────────────────────────────────────────────────
[Phase B] Episode 100/800 - 独立验证 (160场景, A*完全禁用)
──────────────────────────────────────────────────────────────────────
  验证: 100/160 (62.5%)
    8x8: 18/20 (90%)      10x10: 18/20 (90%)      12x12: 13/20 (65%)      14x14: 13/20 (65%)      16x16: 10/20 (50%)      18x18: 11/20 (55%)      20x20: 8/20 (40%)      22x22: 9/20 (45%)  
  GIF 已保存: /workspace/zj/light_mappo-main/results/MyEnv/MyEnv/v8_finetune/run1/phase_b_ppo/val_gifs/ep0100 (8 个)
  [验证最佳: ep50 (66.2%)]
  ep 110/800  reward=  582.4  ploss=-0.0005  entropy=1.250  EV=0.006  FPS=2043  ETA=369min
  ep 120/800  reward=  594.9  ploss=-0.0002  entropy=1.238  EV=0.006  FPS=2054  ETA=362min
  ep 130/800  reward=  571.4  ploss=-0.0004  entropy=1.267  EV=0.006  FPS=2062  ETA=355min
  ep 140/800  reward=  583.4  ploss=-0.0004  entropy=1.253  EV=0.006  FPS=2068  ETA=349min
  ep 150/800  reward=  584.5  ploss=-0.0003  entropy=1.236  EV=0.006  FPS=2074  ETA=342min

──────────────────────────────────────────────────────────────────────
[Phase B] Episode 150/800 - 训练评估 & 保存
──────────────────────────────────────────────────────────────────────
  训练评估: 28/40 (70.0%)  ratio=1.01x  timeout=10  collision=2
    medium(13-17): 13/16 (81%)
    large(18-22): 15/24 (62%)

──────────────────────────────────────────────────────────────────────
[Phase B] Episode 150/800 - 独立验证 (160场景, A*完全禁用)
──────────────────────────────────────────────────────────────────────
  验证: 113/160 (70.6%)
    8x8: 18/20 (90%)      10x10: 17/20 (85%)      12x12: 14/20 (70%)      14x14: 15/20 (75%)      16x16: 15/20 (75%)      18x18: 13/20 (65%)      20x20: 13/20 (65%)      22x22: 8/20 (40%)  
  GIF 已保存: /workspace/zj/light_mappo-main/results/MyEnv/MyEnv/v8_finetune/run1/phase_b_ppo/val_gifs/ep0150 (8 个)
  ★ 新验证最佳! ep150 (70.6%)
  ep 160/800  reward=  576.1  ploss=-0.0003  entropy=1.253  EV=0.006  FPS=2026  ETA=345min
  ep 170/800  reward=  574.9  ploss=-0.0003  entropy=1.252  EV=0.006  FPS=2032  ETA=339min
  ep 180/800  reward=  561.0  ploss=-0.0002  entropy=1.252  EV=0.007  FPS=2038  ETA=332min
  ep 190/800  reward=  579.2  ploss=-0.0004  entropy=1.250  EV=0.006  FPS=2045  ETA=326min
  ep 200/800  reward=  595.9  ploss=-0.0002  entropy=1.252  EV=0.006  FPS=2052  ETA=319min

──────────────────────────────────────────────────────────────────────
[Phase B] Episode 200/800 - 训练评估 & 保存
──────────────────────────────────────────────────────────────────────
  训练评估: 28/40 (70.0%)  ratio=1.02x  timeout=12  collision=0
    medium(13-17): 14/19 (74%)
    large(18-22): 14/21 (67%)

──────────────────────────────────────────────────────────────────────
[Phase B] Episode 200/800 - 独立验证 (160场景, A*完全禁用)
──────────────────────────────────────────────────────────────────────
  验证: 116/160 (72.5%)
    8x8: 15/20 (75%)      10x10: 15/20 (75%)      12x12: 14/20 (70%)      14x14: 15/20 (75%)      16x16: 16/20 (80%)      18x18: 12/20 (60%)      20x20: 14/20 (70%)      22x22: 15/20 (75%)  
  GIF 已保存: /workspace/zj/light_mappo-main/results/MyEnv/MyEnv/v8_finetune/run1/phase_b_ppo/val_gifs/ep0200 (8 个)
  ★ 新验证最佳! ep200 (72.5%)
  ep 210/800  reward=  564.1  ploss=-0.0003  entropy=1.251  EV=0.006  FPS=2024  ETA=318min
  ep 220/800  reward=  575.8  ploss=-0.0006  entropy=1.253  EV=0.007  FPS=2032  ETA=312min
  ep 230/800  reward=  583.8  ploss=-0.0003  entropy=1.227  EV=0.006  FPS=2039  ETA=305min
  ep 240/800  reward=  575.3  ploss=-0.0003  entropy=1.237  EV=0.007  FPS=2046  ETA=299min
  ep 250/800  reward=  593.0  ploss=-0.0003  entropy=1.254  EV=0.006  FPS=2053  ETA=293min

──────────────────────────────────────────────────────────────────────
[Phase B] Episode 250/800 - 训练评估 & 保存
──────────────────────────────────────────────────────────────────────
  训练评估: 26/40 (65.0%)  ratio=1.02x  timeout=14  collision=0
    medium(13-17): 9/16 (56%)
    large(18-22): 17/24 (71%)

──────────────────────────────────────────────────────────────────────
[Phase B] Episode 250/800 - 独立验证 (160场景, A*完全禁用)
──────────────────────────────────────────────────────────────────────
  验证: 113/160 (70.6%)
    8x8: 16/20 (80%)      10x10: 17/20 (85%)      12x12: 12/20 (60%)      14x14: 12/20 (60%)      16x16: 15/20 (75%)      18x18: 14/20 (70%)      20x20: 13/20 (65%)      22x22: 14/20 (70%)  
  GIF 已保存: /workspace/zj/light_mappo-main/results/MyEnv/MyEnv/v8_finetune/run1/phase_b_ppo/val_gifs/ep0250 (8 个)
  [验证最佳: ep200 (72.5%)]
  ep 260/800  reward=  590.1  ploss=-0.0004  entropy=1.241  EV=0.006  FPS=2031  ETA=290min
  ep 270/800  reward=  580.1  ploss=-0.0004  entropy=1.247  EV=0.006  FPS=2038  ETA=284min
  ep 280/800  reward=  589.1  ploss=-0.0004  entropy=1.240  EV=0.007  FPS=2043  ETA=278min
  ep 290/800  reward=  572.7  ploss=-0.0004  entropy=1.256  EV=0.007  FPS=2049  ETA=272min
  ep 300/800  reward=  573.4  ploss=-0.0004  entropy=1.248  EV=0.007  FPS=2055  ETA=266min

──────────────────────────────────────────────────────────────────────
[Phase B] Episode 300/800 - 训练评估 & 保存
──────────────────────────────────────────────────────────────────────
  训练评估: 28/40 (70.0%)  ratio=1.02x  timeout=12  collision=0
    medium(13-17): 17/21 (81%)
    large(18-22): 11/19 (58%)

──────────────────────────────────────────────────────────────────────
[Phase B] Episode 300/800 - 独立验证 (160场景, A*完全禁用)
──────────────────────────────────────────────────────────────────────
  验证: 109/160 (68.1%)
    8x8: 19/20 (95%)      10x10: 17/20 (85%)      12x12: 15/20 (75%)      14x14: 12/20 (60%)      16x16: 15/20 (75%)      18x18: 9/20 (45%)      20x20: 12/20 (60%)      22x22: 10/20 (50%)  
  GIF 已保存: /workspace/zj/light_mappo-main/results/MyEnv/MyEnv/v8_finetune/run1/phase_b_ppo/val_gifs/ep0300 (8 个)
  [验证最佳: ep200 (72.5%)]
  ep 310/800  reward=  578.3  ploss=-0.0004  entropy=1.248  EV=0.006  FPS=2034  ETA=263min
  ep 320/800  reward=  575.0  ploss=-0.0003  entropy=1.252  EV=0.006  FPS=2039  ETA=257min
  ep 330/800  reward=  590.3  ploss=-0.0003  entropy=1.258  EV=0.006  FPS=2043  ETA=251min
  ep 340/800  reward=  572.5  ploss=-0.0004  entropy=1.249  EV=0.007  FPS=2047  ETA=245min
  ep 350/800  reward=  589.8  ploss=-0.0004  entropy=1.247  EV=0.006  FPS=2051  ETA=240min

──────────────────────────────────────────────────────────────────────
[Phase B] Episode 350/800 - 训练评估 & 保存
──────────────────────────────────────────────────────────────────────
  训练评估: 32/40 (80.0%)  ratio=1.02x  timeout=8  collision=0
    medium(13-17): 13/17 (76%)
    large(18-22): 19/23 (83%)

──────────────────────────────────────────────────────────────────────
[Phase B] Episode 350/800 - 独立验证 (160场景, A*完全禁用)
──────────────────────────────────────────────────────────────────────
  验证: 114/160 (71.2%)
    8x8: 18/20 (90%)      10x10: 17/20 (85%)      12x12: 18/20 (90%)      14x14: 12/20 (60%)      16x16: 14/20 (70%)      18x18: 11/20 (55%)      20x20: 11/20 (55%)      22x22: 13/20 (65%)  
  GIF 已保存: /workspace/zj/light_mappo-main/results/MyEnv/MyEnv/v8_finetune/run1/phase_b_ppo/val_gifs/ep0350 (8 个)
  [验证最佳: ep200 (72.5%)]

[早停] 连续3次验证无提升，在 ep350 停止训练

══════════════════════════════════════════════════════════════════════
[Phase B] 训练早停！
══════════════════════════════════════════════════════════════════════
  总耗时: 188.4 分钟
  最佳验证模型: ep200 (72.5%)
  最佳模型位置: /workspace/zj/light_mappo-main/results/MyEnv/MyEnv/v8_finetune/run1/phase_b_ppo/best_model/

  训练评估对比:
  ┌──────────┬──────────┬──────────┬─────────────┐
  │   回合   │  成功率   │ 步数比   │   模型      │
  ├──────────┼──────────┼──────────┼─────────────┤
  │   ep000  │   60.0%  │   1.02x  │ ✓ baseline  │
  │   ep050  │   65.0%  │   1.02x  │ ✓ saved     │
  │   ep100  │   75.0%  │   1.01x  │ ✓ saved     │
  │   ep150  │   70.0%  │   1.01x  │ ✓ saved     │
  │   ep200  │   70.0%  │   1.02x  │ ✓ saved     │
  │   ep250  │   65.0%  │   1.02x  │ ✓ saved     │
  │   ep300  │   70.0%  │   1.02x  │ ✓ saved     │
  │   ep350  │   80.0%  │   1.02x  │ ✓ saved     │
  └──────────┴──────────┴──────────┴─────────────┘

  独立验证对比:
  ┌──────────┬──────────┬──────────┬─────────────┐
  │   回合   │  成功率   │ 步数比   │   状态      │
  ├──────────┼──────────┼──────────┼─────────────┤
  │   ep0050 │   66.2%  │   1.04x  │ val         │
  │   ep0100 │   62.5%  │   1.02x  │ val         │
  │   ep0150 │   70.6%  │   1.02x  │ val         │
  │   ep0200 │   72.5%  │   1.05x  │ ★ BEST      │
  │   ep0250 │   70.6%  │   1.02x  │ val         │
  │   ep0300 │   68.1%  │   1.03x  │ val         │
  │   ep0350 │   71.2%  │   1.03x  │ val         │
  └──────────┴──────────┴──────────┴─────────────┘

  共保存 8 个 checkpoint
  保存位置: /workspace/zj/light_mappo-main/results/MyEnv/MyEnv/v8_finetune/run1/phase_b_ppo
══════════════════════════════════════════════════════════════════════

