使用GPU进行训练...
[断点续训] 复用已有目录: run1

======================================================================
  实验名称: v8_planE_A
  运行目录: /workspace/zj/light_mappo-main/results/MyEnv/MyEnv/v8_planE_A/run1
  训练模式: phase_b_only
  设备: cuda:0
======================================================================


══════════════════════════════════════════════════════════════════════
                    Phase B: PPO 训练
══════════════════════════════════════════════════════════════════════
  预训练模型: results/MyEnv/MyEnv/full_v8/run1/phase_a_astar/checkpoint_ep190/models
  训练回合数: 2000
  评估间隔: 每 100 回合 (自动保存模型)
  并行环境: 256
  网络结构: 256 × 4 层
══════════════════════════════════════════════════════════════════════

[Phase B] 从 checkpoint ep500 恢复模型
[Phase B] 跳过已有 500 episodes, 从 Episode 501 继续训练

[课程阶段 2/4] 地图: 8-16, max_dist: 18
  ep 510/2000  reward=  108.4  ploss=-0.0016  entropy=0.936  EV=0.030  FPS=150336  ETA=11min
         reward分量: goal=+0.622 | collision=-0.024 | distance=-0.022 | astar=+0.086 | anti_stuck=-0.305 | stay=-0.002 | pbrs=+0.003 | wall=-0.008
         地图分布(n=2560): 8:300 9:278 10:290 11:275 12:271 13:281 14:290 15:269 16:306
  ep 520/2000  reward=  110.2  ploss=-0.0014  entropy=0.923  EV=0.027  FPS=78287  ETA=21min
         reward分量: goal=+0.698 | collision=-0.023 | distance=-0.022 | astar=+0.090 | anti_stuck=-0.288 | stay=-0.002 | pbrs=+0.003 | wall=-0.008
         地图分布(n=2560): 8:308 9:261 10:291 11:264 12:317 13:279 14:289 15:267 16:284
  ep 530/2000  reward=  130.7  ploss=-0.0015  entropy=0.880  EV=0.025  FPS=53625  ETA=30min
         reward分量: goal=+0.703 | collision=-0.024 | distance=-0.022 | astar=+0.092 | anti_stuck=-0.295 | stay=-0.001 | pbrs=+0.003 | wall=-0.008
         地图分布(n=2560): 8:319 9:276 10:300 11:311 12:292 13:260 14:245 15:287 16:270
  ep 540/2000  reward=  115.1  ploss=-0.0014  entropy=0.885  EV=0.026  FPS=41434  ETA=38min
         reward分量: goal=+0.729 | collision=-0.022 | distance=-0.022 | astar=+0.094 | anti_stuck=-0.286 | stay=-0.001 | pbrs=+0.003 | wall=-0.007
         地图分布(n=2560): 8:295 9:315 10:276 11:264 12:296 13:291 14:260 15:256 16:307
  ep 550/2000  reward=   87.3  ploss=-0.0015  entropy=0.927  EV=0.028  FPS=33777  ETA=47min
         reward分量: goal=+0.696 | collision=-0.022 | distance=-0.022 | astar=+0.093 | anti_stuck=-0.311 | stay=-0.001 | pbrs=+0.003 | wall=-0.008
         地图分布(n=2560): 8:288 9:319 10:280 11:289 12:267 13:252 14:295 15:289 16:281
  ep 560/2000  reward=  112.6  ploss=-0.0013  entropy=0.889  EV=0.026  FPS=28634  ETA=55min
         reward分量: goal=+0.697 | collision=-0.021 | distance=-0.022 | astar=+0.093 | anti_stuck=-0.301 | stay=-0.001 | pbrs=+0.003 | wall=-0.008
         地图分布(n=2560): 8:286 9:278 10:248 11:318 12:257 13:277 14:332 15:299 16:265
  ep 570/2000  reward=  115.0  ploss=-0.0014  entropy=0.877  EV=0.026  FPS=24996  ETA=62min
         reward分量: goal=+0.722 | collision=-0.023 | distance=-0.022 | astar=+0.093 | anti_stuck=-0.291 | stay=-0.001 | pbrs=+0.003 | wall=-0.008
         地图分布(n=2560): 8:307 9:297 10:302 11:290 12:265 13:278 14:271 15:263 16:287
  ep 580/2000  reward=  140.8  ploss=-0.0016  entropy=0.870  EV=0.027  FPS=22253  ETA=70min
         reward分量: goal=+0.712 | collision=-0.023 | distance=-0.022 | astar=+0.094 | anti_stuck=-0.296 | stay=-0.001 | pbrs=+0.003 | wall=-0.008
         地图分布(n=2560): 8:292 9:274 10:291 11:303 12:269 13:316 14:307 15:259 16:249
  ep 590/2000  reward=  121.8  ploss=-0.0015  entropy=0.852  EV=0.027  FPS=20130  ETA=77min
         reward分量: goal=+0.727 | collision=-0.023 | distance=-0.022 | astar=+0.094 | anti_stuck=-0.294 | stay=-0.001 | pbrs=+0.003 | wall=-0.008
         地图分布(n=2560): 8:266 9:311 10:286 11:287 12:272 13:260 14:291 15:278 16:309
  ep 600/2000  reward=  126.2  ploss=-0.0015  entropy=0.857  EV=0.027  FPS=18488  ETA=83min
         reward分量: goal=+0.748 | collision=-0.022 | distance=-0.022 | astar=+0.096 | anti_stuck=-0.280 | stay=-0.001 | pbrs=+0.003 | wall=-0.008
         地图分布(n=2560): 8:278 9:314 10:270 11:289 12:270 13:277 14:309 15:279 16:274

──────────────────────────────────────────────────────────────────────
[Phase B] Episode 600/2000 - 训练评估 & 保存
──────────────────────────────────────────────────────────────────────
  训练评估: 27/40 (67.5%)  ratio=1.05x  timeout=11  collision=2
    small(8-12): 14/20 (70%)  timeout_dist=3.8  stay=22%  loop=18%
    medium(13-17): 13/20 (65%)  timeout_dist=5.6  stay=31%  loop=21%
  ★ 新最佳模型! ep600 (67.5%)
  ep 610/2000  reward=  137.5  ploss=-0.0015  entropy=0.823  EV=0.026  FPS=17065  ETA=89min
         reward分量: goal=+0.750 | collision=-0.023 | distance=-0.022 | astar=+0.096 | anti_stuck=-0.284 | stay=-0.001 | pbrs=+0.003 | wall=-0.008
         地图分布(n=2560): 8:286 9:286 10:286 11:296 12:289 13:253 14:289 15:312 16:263
  ep 620/2000  reward=  159.2  ploss=-0.0016  entropy=0.804  EV=0.025  FPS=15895  ETA=95min
         reward分量: goal=+0.775 | collision=-0.023 | distance=-0.022 | astar=+0.097 | anti_stuck=-0.262 | stay=-0.001 | pbrs=+0.003 | wall=-0.007
         地图分布(n=2560): 8:258 9:295 10:288 11:272 12:274 13:312 14:297 15:276 16:288
  ep 630/2000  reward=  123.5  ploss=-0.0015  entropy=0.851  EV=0.026  FPS=14832  ETA=101min
         reward分量: goal=+0.761 | collision=-0.023 | distance=-0.022 | astar=+0.096 | anti_stuck=-0.278 | stay=-0.001 | pbrs=+0.003 | wall=-0.008
         地图分布(n=2560): 8:281 9:297 10:265 11:293 12:311 13:277 14:269 15:290 16:277
  ep 640/2000  reward=  148.8  ploss=-0.0016  entropy=0.823  EV=0.024  FPS=13920  ETA=107min
         reward分量: goal=+0.763 | collision=-0.023 | distance=-0.022 | astar=+0.097 | anti_stuck=-0.274 | stay=-0.001 | pbrs=+0.003 | wall=-0.008
         地图分布(n=2560): 8:286 9:299 10:254 11:281 12:285 13:305 14:290 15:260 16:300
  ep 650/2000  reward=  175.1  ploss=-0.0016  entropy=0.792  EV=0.023  FPS=13122  ETA=112min
         reward分量: goal=+0.785 | collision=-0.023 | distance=-0.022 | astar=+0.097 | anti_stuck=-0.254 | stay=-0.001 | pbrs=+0.004 | wall=-0.008
         地图分布(n=2560): 8:281 9:296 10:288 11:312 12:304 13:271 14:274 15:276 16:258
  ep 660/2000  reward=  131.8  ploss=-0.0016  entropy=0.825  EV=0.026  FPS=12462  ETA=117min
         reward分量: goal=+0.776 | collision=-0.022 | distance=-0.022 | astar=+0.098 | anti_stuck=-0.271 | stay=-0.001 | pbrs=+0.003 | wall=-0.008
         地图分布(n=2560): 8:315 9:291 10:265 11:269 12:285 13:292 14:302 15:273 16:268
  ep 670/2000  reward=  138.1  ploss=-0.0014  entropy=0.829  EV=0.027  FPS=11931  ETA=122min
         reward分量: goal=+0.755 | collision=-0.021 | distance=-0.022 | astar=+0.097 | anti_stuck=-0.290 | stay=-0.001 | pbrs=+0.003 | wall=-0.008
         地图分布(n=2560): 8:262 9:328 10:266 11:287 12:270 13:306 14:299 15:254 16:288
  ep 680/2000  reward=  144.3  ploss=-0.0017  entropy=0.806  EV=0.024  FPS=11391  ETA=127min
         reward分量: goal=+0.750 | collision=-0.021 | distance=-0.022 | astar=+0.097 | anti_stuck=-0.279 | stay=-0.001 | pbrs=+0.003 | wall=-0.008
         地图分布(n=2560): 8:270 9:266 10:307 11:278 12:308 13:314 14:251 15:287 16:279
  ep 690/2000  reward=  133.8  ploss=-0.0013  entropy=0.834  EV=0.026  FPS=10913  ETA=131min
         reward分量: goal=+0.774 | collision=-0.021 | distance=-0.022 | astar=+0.097 | anti_stuck=-0.267 | stay=-0.001 | pbrs=+0.003 | wall=-0.008
         地图分布(n=2560): 8:283 9:281 10:294 11:319 12:259 13:287 14:266 15:297 16:274
  ep 700/2000  reward=  159.0  ploss=-0.0014  entropy=0.796  EV=0.025  FPS=10497  ETA=135min
         reward分量: goal=+0.768 | collision=-0.022 | distance=-0.022 | astar=+0.098 | anti_stuck=-0.271 | stay=-0.001 | pbrs=+0.003 | wall=-0.008
         地图分布(n=2560): 8:263 9:251 10:318 11:278 12:291 13:284 14:299 15:291 16:285

──────────────────────────────────────────────────────────────────────
[Phase B] Episode 700/2000 - 训练评估 & 保存
──────────────────────────────────────────────────────────────────────
  训练评估: 32/40 (80.0%)  ratio=1.03x  timeout=7  collision=1
    small(8-12): 15/20 (75%)  timeout_dist=4.6  stay=28%  loop=17%
    medium(13-17): 17/20 (85%)  timeout_dist=2.8  stay=25%  loop=10%
  ★ 新最佳模型! ep700 (80.0%)
  ep 710/2000  reward=  161.7  ploss=-0.0016  entropy=0.785  EV=0.025  FPS=10101  ETA=139min
         reward分量: goal=+0.783 | collision=-0.023 | distance=-0.022 | astar=+0.098 | anti_stuck=-0.267 | stay=-0.001 | pbrs=+0.004 | wall=-0.008
         地图分布(n=2560): 8:248 9:277 10:310 11:307 12:265 13:262 14:287 15:309 16:295
  ep 720/2000  reward=  142.0  ploss=-0.0015  entropy=0.807  EV=0.027  FPS=9787  ETA=143min
         reward分量: goal=+0.791 | collision=-0.022 | distance=-0.022 | astar=+0.099 | anti_stuck=-0.273 | stay=-0.001 | pbrs=+0.004 | wall=-0.008
         地图分布(n=2560): 8:307 9:306 10:292 11:278 12:271 13:254 14:299 15:259 16:294
  ep 730/2000  reward=  132.5  ploss=-0.0016  entropy=0.821  EV=0.028  FPS=9509  ETA=146min
         reward分量: goal=+0.754 | collision=-0.022 | distance=-0.022 | astar=+0.097 | anti_stuck=-0.279 | stay=-0.001 | pbrs=+0.003 | wall=-0.008
         地图分布(n=2560): 8:280 9:264 10:294 11:278 12:285 13:330 14:287 15:262 16:280
  ep 740/2000  reward=  150.9  ploss=-0.0014  entropy=0.795  EV=0.026  FPS=9250  ETA=149min
         reward分量: goal=+0.767 | collision=-0.020 | distance=-0.022 | astar=+0.098 | anti_stuck=-0.266 | stay=-0.001 | pbrs=+0.003 | wall=-0.008
         地图分布(n=2560): 8:274 9:278 10:285 11:319 12:269 13:262 14:270 15:292 16:311
  ep 750/2000  reward=  150.5  ploss=-0.0013  entropy=0.806  EV=0.027  FPS=9003  ETA=152min
         reward分量: goal=+0.790 | collision=-0.021 | distance=-0.022 | astar=+0.099 | anti_stuck=-0.256 | stay=-0.001 | pbrs=+0.004 | wall=-0.008
         地图分布(n=2560): 8:290 9:316 10:269 11:272 12:273 13:293 14:296 15:268 16:283
  ep 760/2000  reward=  148.1  ploss=-0.0018  entropy=0.805  EV=0.025  FPS=8774  ETA=154min
         reward分量: goal=+0.784 | collision=-0.021 | distance=-0.022 | astar=+0.099 | anti_stuck=-0.260 | stay=-0.001 | pbrs=+0.004 | wall=-0.008
         地图分布(n=2560): 8:247 9:322 10:276 11:265 12:272 13:309 14:304 15:291 16:274
  ep 770/2000  reward=  161.1  ploss=-0.0018  entropy=0.775  EV=0.027  FPS=8563  ETA=157min
         reward分量: goal=+0.793 | collision=-0.021 | distance=-0.022 | astar=+0.100 | anti_stuck=-0.260 | stay=-0.001 | pbrs=+0.004 | wall=-0.008
         地图分布(n=2560): 8:283 9:276 10:273 11:273 12:259 13:292 14:296 15:307 16:301
  ep 780/2000  reward=  157.8  ploss=-0.0018  entropy=0.780  EV=0.025  FPS=8367  ETA=159min
         reward分量: goal=+0.810 | collision=-0.022 | distance=-0.022 | astar=+0.100 | anti_stuck=-0.252 | stay=-0.001 | pbrs=+0.004 | wall=-0.008
         地图分布(n=2560): 8:274 9:275 10:283 11:275 12:305 13:290 14:282 15:284 16:292
  ep 790/2000  reward=  142.8  ploss=-0.0017  entropy=0.796  EV=0.024  FPS=8194  ETA=161min
         reward分量: goal=+0.797 | collision=-0.022 | distance=-0.022 | astar=+0.100 | anti_stuck=-0.256 | stay=-0.001 | pbrs=+0.004 | wall=-0.008
         地图分布(n=2560): 8:281 9:265 10:267 11:294 12:274 13:313 14:274 15:307 16:285
  ep 800/2000  reward=  146.1  ploss=-0.0018  entropy=0.798  EV=0.028  FPS=8001  ETA=164min
         reward分量: goal=+0.794 | collision=-0.021 | distance=-0.022 | astar=+0.100 | anti_stuck=-0.262 | stay=-0.001 | pbrs=+0.004 | wall=-0.008
         地图分布(n=2560): 8:284 9:288 10:275 11:289 12:289 13:288 14:294 15:265 16:288

──────────────────────────────────────────────────────────────────────
[Phase B] Episode 800/2000 - 训练评估 & 保存
──────────────────────────────────────────────────────────────────────
  训练评估: 33/40 (82.5%)  ratio=1.02x  timeout=7  collision=0
    small(8-12): 15/17 (88%)  timeout_dist=2.5  stay=24%  loop=10%
    medium(13-17): 18/23 (78%)  timeout_dist=2.7  stay=25%  loop=20%
  ★ 新最佳模型! ep800 (82.5%)
  ep 810/2000  reward=  152.7  ploss=-0.0017  entropy=0.788  EV=0.027  FPS=7788  ETA=167min
         reward分量: goal=+0.801 | collision=-0.021 | distance=-0.022 | astar=+0.101 | anti_stuck=-0.254 | stay=-0.001 | pbrs=+0.004 | wall=-0.008
         地图分布(n=2560): 8:263 9:271 10:302 11:268 12:290 13:331 14:271 15:298 16:266
  ep 820/2000  reward=  155.8  ploss=-0.0016  entropy=0.773  EV=0.028  FPS=7602  ETA=170min
         reward分量: goal=+0.804 | collision=-0.022 | distance=-0.022 | astar=+0.101 | anti_stuck=-0.262 | stay=-0.001 | pbrs=+0.004 | wall=-0.008
         地图分布(n=2560): 8:276 9:307 10:284 11:280 12:288 13:292 14:291 15:293 16:249
  ep 830/2000  reward=  155.3  ploss=-0.0018  entropy=0.788  EV=0.027  FPS=7427  ETA=172min
         reward分量: goal=+0.806 | collision=-0.021 | distance=-0.022 | astar=+0.101 | anti_stuck=-0.263 | stay=-0.001 | pbrs=+0.004 | wall=-0.008
         地图分布(n=2560): 8:279 9:301 10:269 11:264 12:256 13:314 14:306 15:291 16:280
  ep 840/2000  reward=  150.3  ploss=-0.0013  entropy=0.795  EV=0.028  FPS=7262  ETA=174min
         reward分量: goal=+0.782 | collision=-0.020 | distance=-0.022 | astar=+0.100 | anti_stuck=-0.259 | stay=-0.001 | pbrs=+0.004 | wall=-0.008
         地图分布(n=2560): 8:233 9:250 10:288 11:317 12:302 13:283 14:319 15:296 16:272
  ep 850/2000  reward=  146.7  ploss=-0.0016  entropy=0.794  EV=0.027  FPS=7105  ETA=177min
         reward分量: goal=+0.792 | collision=-0.021 | distance=-0.022 | astar=+0.100 | anti_stuck=-0.261 | stay=-0.001 | pbrs=+0.004 | wall=-0.008
         地图分布(n=2560): 8:275 9:264 10:291 11:283 12:279 13:256 14:284 15:296 16:332
  ep 860/2000  reward=  158.4  ploss=-0.0017  entropy=0.753  EV=0.026  FPS=6959  ETA=179min
         reward分量: goal=+0.826 | collision=-0.020 | distance=-0.022 | astar=+0.102 | anti_stuck=-0.244 | stay=-0.001 | pbrs=+0.004 | wall=-0.008
         地图分布(n=2560): 8:276 9:276 10:283 11:309 12:272 13:313 14:251 15:299 16:281
  ep 870/2000  reward=  157.0  ploss=-0.0016  entropy=0.782  EV=0.026  FPS=6833  ETA=181min
         reward分量: goal=+0.818 | collision=-0.021 | distance=-0.022 | astar=+0.101 | anti_stuck=-0.247 | stay=-0.001 | pbrs=+0.004 | wall=-0.008
         地图分布(n=2560): 8:279 9:273 10:275 11:259 12:281 13:298 14:272 15:326 16:297
  ep 880/2000  reward=  139.3  ploss=-0.0017  entropy=0.793  EV=0.028  FPS=6743  ETA=181min
         reward分量: goal=+0.793 | collision=-0.021 | distance=-0.022 | astar=+0.100 | anti_stuck=-0.259 | stay=-0.001 | pbrs=+0.004 | wall=-0.008
         地图分布(n=2560): 8:270 9:306 10:295 11:268 12:258 13:288 14:285 15:279 16:311
  ep 890/2000  reward=  172.4  ploss=-0.0015  entropy=0.747  EV=0.026  FPS=6653  ETA=182min
         reward分量: goal=+0.815 | collision=-0.022 | distance=-0.022 | astar=+0.102 | anti_stuck=-0.257 | stay=-0.001 | pbrs=+0.004 | wall=-0.008
         地图分布(n=2560): 8:287 9:262 10:302 11:288 12:251 13:281 14:279 15:310 16:300
  ep 900/2000  reward=  155.8  ploss=-0.0017  entropy=0.765  EV=0.028  FPS=6568  ETA=183min
         reward分量: goal=+0.834 | collision=-0.022 | distance=-0.022 | astar=+0.102 | anti_stuck=-0.249 | stay=-0.001 | pbrs=+0.004 | wall=-0.008
         地图分布(n=2560): 8:286 9:279 10:286 11:291 12:275 13:301 14:262 15:322 16:258

──────────────────────────────────────────────────────────────────────
[Phase B] Episode 900/2000 - 训练评估 & 保存
──────────────────────────────────────────────────────────────────────
  训练评估: 31/40 (77.5%)  ratio=1.03x  timeout=6  collision=3
    small(8-12): 18/23 (78%)  timeout_dist=5.4  stay=23%  loop=12%
    medium(13-17): 13/17 (76%)  timeout_dist=3.5  stay=29%  loop=13%
  ep 910/2000  reward=  154.9  ploss=-0.0016  entropy=0.776  EV=0.026  FPS=6474  ETA=184min
         reward分量: goal=+0.825 | collision=-0.022 | distance=-0.022 | astar=+0.102 | anti_stuck=-0.255 | stay=-0.001 | pbrs=+0.004 | wall=-0.008
         地图分布(n=2560): 8:271 9:277 10:269 11:297 12:300 13:324 14:282 15:257 16:283
  ep 920/2000  reward=  173.5  ploss=-0.0016  entropy=0.747  EV=0.026  FPS=6385  ETA=185min
         reward分量: goal=+0.832 | collision=-0.022 | distance=-0.022 | astar=+0.102 | anti_stuck=-0.251 | stay=-0.001 | pbrs=+0.004 | wall=-0.008
         地图分布(n=2560): 8:274 9:282 10:283 11:295 12:308 13:272 14:264 15:297 16:285
  ep 930/2000  reward=  165.4  ploss=-0.0015  entropy=0.765  EV=0.027  FPS=6297  ETA=186min
         reward分量: goal=+0.823 | collision=-0.021 | distance=-0.022 | astar=+0.103 | anti_stuck=-0.259 | stay=-0.001 | pbrs=+0.004 | wall=-0.008
         地图分布(n=2560): 8:277 9:255 10:274 11:326 12:269 13:283 14:297 15:318 16:261
  ep 940/2000  reward=  158.9  ploss=-0.0017  entropy=0.768  EV=0.027  FPS=6219  ETA=186min
         reward分量: goal=+0.821 | collision=-0.022 | distance=-0.022 | astar=+0.102 | anti_stuck=-0.255 | stay=-0.001 | pbrs=+0.004 | wall=-0.008
         地图分布(n=2560): 8:286 9:275 10:293 11:266 12:287 13:294 14:281 15:286 16:292
  ep 950/2000  reward=  143.5  ploss=-0.0018  entropy=0.764  EV=0.028  FPS=6150  ETA=186min
         reward分量: goal=+0.831 | collision=-0.021 | distance=-0.022 | astar=+0.103 | anti_stuck=-0.255 | stay=-0.001 | pbrs=+0.004 | wall=-0.008
         地图分布(n=2560): 8:295 9:271 10:296 11:288 12:258 13:277 14:300 15:293 16:282
  ep 960/2000  reward=  149.5  ploss=-0.0017  entropy=0.788  EV=0.028  FPS=6071  ETA=187min
         reward分量: goal=+0.820 | collision=-0.021 | distance=-0.022 | astar=+0.102 | anti_stuck=-0.256 | stay=-0.001 | pbrs=+0.004 | wall=-0.008
         地图分布(n=2560): 8:267 9:301 10:271 11:292 12:303 13:271 14:266 15:292 16:297
  ep 970/2000  reward=  172.6  ploss=-0.0015  entropy=0.769  EV=0.027  FPS=5996  ETA=188min
         reward分量: goal=+0.820 | collision=-0.021 | distance=-0.022 | astar=+0.102 | anti_stuck=-0.255 | stay=-0.001 | pbrs=+0.004 | wall=-0.008
         地图分布(n=2560): 8:312 9:275 10:264 11:268 12:313 13:258 14:283 15:295 16:292
  ep 980/2000  reward=  154.7  ploss=-0.0017  entropy=0.789  EV=0.030  FPS=5922  ETA=188min
         reward分量: goal=+0.805 | collision=-0.022 | distance=-0.022 | astar=+0.101 | anti_stuck=-0.265 | stay=-0.001 | pbrs=+0.004 | wall=-0.008
         地图分布(n=2560): 8:288 9:272 10:290 11:276 12:253 13:314 14:299 15:292 16:276
  ep 990/2000  reward=  145.0  ploss=-0.0015  entropy=0.795  EV=0.028  FPS=5856  ETA=188min
         reward分量: goal=+0.802 | collision=-0.020 | distance=-0.022 | astar=+0.100 | anti_stuck=-0.264 | stay=-0.001 | pbrs=+0.004 | wall=-0.008
         地图分布(n=2560): 8:293 9:292 10:296 11:282 12:259 13:310 14:300 15:252 16:276
  ep1000/2000  reward=  145.3  ploss=-0.0016  entropy=0.779  EV=0.029  FPS=5787  ETA=189min
         reward分量: goal=+0.808 | collision=-0.020 | distance=-0.022 | astar=+0.102 | anti_stuck=-0.256 | stay=-0.001 | pbrs=+0.004 | wall=-0.008
         地图分布(n=2560): 8:255 9:289 10:293 11:287 12:275 13:291 14:296 15:273 16:301

──────────────────────────────────────────────────────────────────────
[Phase B] Episode 1000/2000 - 训练评估 & 保存
──────────────────────────────────────────────────────────────────────
  训练评估: 32/40 (80.0%)  ratio=1.02x  timeout=7  collision=1
    small(8-12): 18/20 (90%)  timeout_dist=2.5  stay=29%  loop=6%
    medium(13-17): 14/20 (70%)  timeout_dist=8.2  stay=20%  loop=12%

[课程阶段 3/4] 地图: 8-20, max_dist: 30
  ep1010/2000  reward=  150.9  ploss=-0.0017  entropy=0.780  EV=0.028  FPS=5707  ETA=189min
         reward分量: goal=+0.775 | collision=-0.020 | distance=-0.022 | astar=+0.102 | anti_stuck=-0.246 | stay=-0.001 | pbrs=+0.003 | wall=-0.008
         地图分布(n=2560): 8:272 9:263 10:282 11:222 12:217 13:222 14:213 15:146 16:133 17:135 18:138 19:163 20:154
  ep1020/2000  reward=  152.2  ploss=-0.0018  entropy=0.764  EV=0.028  FPS=5639  ETA=190min
         reward分量: goal=+0.796 | collision=-0.020 | distance=-0.022 | astar=+0.102 | anti_stuck=-0.250 | stay=-0.001 | pbrs=+0.004 | wall=-0.008
         地图分布(n=2560): 8:325 9:286 10:263 11:213 12:207 13:206 14:233 15:119 16:126 17:146 18:155 19:148 20:133
  ep1030/2000  reward=  140.8  ploss=-0.0017  entropy=0.780  EV=0.030  FPS=5571  ETA=190min
         reward分量: goal=+0.768 | collision=-0.020 | distance=-0.022 | astar=+0.101 | anti_stuck=-0.250 | stay=-0.001 | pbrs=+0.003 | wall=-0.008
         地图分布(n=2560): 8:264 9:291 10:283 11:231 12:222 13:196 14:208 15:127 16:141 17:143 18:143 19:157 20:154
  ep1040/2000  reward=  152.3  ploss=-0.0019  entropy=0.775  EV=0.030  FPS=5503  ETA=191min
         reward分量: goal=+0.776 | collision=-0.019 | distance=-0.022 | astar=+0.102 | anti_stuck=-0.262 | stay=-0.001 | pbrs=+0.003 | wall=-0.008
         地图分布(n=2560): 8:281 9:288 10:288 11:224 12:227 13:206 14:195 15:148 16:144 17:152 18:151 19:139 20:117
  ep1050/2000  reward=  143.9  ploss=-0.0015  entropy=0.800  EV=0.030  FPS=5433  ETA=191min
         reward分量: goal=+0.772 | collision=-0.019 | distance=-0.022 | astar=+0.102 | anti_stuck=-0.252 | stay=-0.001 | pbrs=+0.003 | wall=-0.008
         地图分布(n=2560): 8:269 9:264 10:288 11:224 12:236 13:192 14:208 15:141 16:142 17:171 18:133 19:166 20:126
  ep1060/2000  reward=  150.0  ploss=-0.0015  entropy=0.779  EV=0.031  FPS=5368  ETA=191min
         reward分量: goal=+0.763 | collision=-0.018 | distance=-0.022 | astar=+0.102 | anti_stuck=-0.254 | stay=-0.001 | pbrs=+0.003 | wall=-0.008
         地图分布(n=2560): 8:273 9:269 10:283 11:215 12:231 13:182 14:224 15:145 16:128 17:151 18:140 19:160 20:159
  ep1070/2000  reward=  154.3  ploss=-0.0018  entropy=0.789  EV=0.029  FPS=5318  ETA=191min
         reward分量: goal=+0.789 | collision=-0.019 | distance=-0.022 | astar=+0.103 | anti_stuck=-0.246 | stay=-0.001 | pbrs=+0.004 | wall=-0.008
         地图分布(n=2560): 8:310 9:286 10:284 11:206 12:197 13:215 14:198 15:133 16:147 17:151 18:146 19:140 20:147
  ep1080/2000  reward=  149.4  ploss=-0.0019  entropy=0.791  EV=0.029  FPS=5260  ETA=191min
         reward分量: goal=+0.762 | collision=-0.020 | distance=-0.022 | astar=+0.101 | anti_stuck=-0.271 | stay=-0.001 | pbrs=+0.003 | wall=-0.008
         地图分布(n=2560): 8:298 9:296 10:292 11:209 12:217 13:207 14:211 15:134 16:140 17:147 18:131 19:131 20:147
  ep1090/2000  reward=  165.8  ploss=-0.0017  entropy=0.741  EV=0.030  FPS=5204  ETA=191min
         reward分量: goal=+0.806 | collision=-0.020 | distance=-0.022 | astar=+0.104 | anti_stuck=-0.230 | stay=-0.001 | pbrs=+0.004 | wall=-0.007
         地图分布(n=2560): 8:286 9:294 10:294 11:199 12:197 13:219 14:243 15:125 16:139 17:145 18:134 19:143 20:142
  ep1100/2000  reward=  159.0  ploss=-0.0017  entropy=0.758  EV=0.028  FPS=5147  ETA=191min
         reward分量: goal=+0.801 | collision=-0.020 | distance=-0.022 | astar=+0.103 | anti_stuck=-0.235 | stay=-0.001 | pbrs=+0.004 | wall=-0.007
         地图分布(n=2560): 8:281 9:287 10:312 11:207 12:205 13:184 14:200 15:149 16:143 17:145 18:136 19:144 20:167

──────────────────────────────────────────────────────────────────────
[Phase B] Episode 1100/2000 - 训练评估 & 保存
──────────────────────────────────────────────────────────────────────
  训练评估: 33/40 (82.5%)  ratio=1.05x  timeout=6  collision=1
    small(8-12): 10/10 (100%)  stay=16%  loop=0%
    medium(13-17): 16/18 (89%)  timeout_dist=2.0  stay=25%  loop=10%
    large(18-20): 7/12 (58%)  timeout_dist=6.4  stay=27%  loop=32%
  ep1110/2000  reward=  155.4  ploss=-0.0018  entropy=0.775  EV=0.030  FPS=5091  ETA=191min
         reward分量: goal=+0.799 | collision=-0.020 | distance=-0.022 | astar=+0.103 | anti_stuck=-0.243 | stay=-0.001 | pbrs=+0.004 | wall=-0.008
         地图分布(n=2560): 8:298 9:292 10:275 11:216 12:203 13:207 14:198 15:145 16:146 17:152 18:148 19:140 20:140
  ep1120/2000  reward=  152.1  ploss=-0.0016  entropy=0.776  EV=0.032  FPS=5058  ETA=190min
         reward分量: goal=+0.795 | collision=-0.020 | distance=-0.022 | astar=+0.103 | anti_stuck=-0.244 | stay=-0.001 | pbrs=+0.004 | wall=-0.008
         地图分布(n=2560): 8:298 9:288 10:312 11:205 12:218 13:180 14:229 15:148 16:155 17:130 18:136 19:127 20:134
  ep1130/2000  reward=  142.0  ploss=-0.0021  entropy=0.777  EV=0.029  FPS=5025  ETA=189min
         reward分量: goal=+0.778 | collision=-0.020 | distance=-0.022 | astar=+0.102 | anti_stuck=-0.254 | stay=-0.001 | pbrs=+0.003 | wall=-0.008
         地图分布(n=2560): 8:297 9:284 10:285 11:216 12:216 13:207 14:210 15:153 16:141 17:138 18:124 19:145 20:144
  ep1140/2000  reward=  125.0  ploss=-0.0018  entropy=0.799  EV=0.032  FPS=4992  ETA=188min
         reward分量: goal=+0.776 | collision=-0.020 | distance=-0.022 | astar=+0.102 | anti_stuck=-0.255 | stay=-0.001 | pbrs=+0.003 | wall=-0.008
         地图分布(n=2560): 8:284 9:306 10:281 11:219 12:222 13:198 14:196 15:136 16:124 17:139 18:146 19:151 20:158
  ep1150/2000  reward=  142.5  ploss=-0.0018  entropy=0.766  EV=0.029  FPS=4953  ETA=187min
         reward分量: goal=+0.805 | collision=-0.021 | distance=-0.022 | astar=+0.103 | anti_stuck=-0.239 | stay=-0.001 | pbrs=+0.004 | wall=-0.008
         地图分布(n=2560): 8:302 9:282 10:300 11:213 12:214 13:180 14:215 15:147 16:134 17:159 18:151 19:139 20:124
  ep1160/2000  reward=  164.7  ploss=-0.0018  entropy=0.758  EV=0.032  FPS=4909  ETA=187min
         reward分量: goal=+0.827 | collision=-0.020 | distance=-0.022 | astar=+0.105 | anti_stuck=-0.224 | stay=-0.001 | pbrs=+0.004 | wall=-0.007
         地图分布(n=2560): 8:285 9:296 10:294 11:220 12:199 13:221 14:197 15:127 16:159 17:132 18:156 19:135 20:139
  ep1170/2000  reward=  152.2  ploss=-0.0017  entropy=0.776  EV=0.030  FPS=4867  ETA=186min
         reward分量: goal=+0.804 | collision=-0.020 | distance=-0.022 | astar=+0.104 | anti_stuck=-0.246 | stay=-0.001 | pbrs=+0.004 | wall=-0.008
         地图分布(n=2560): 8:274 9:291 10:306 11:222 12:226 13:202 14:204 15:137 16:167 17:115 18:137 19:147 20:132
  ep1180/2000  reward=  146.9  ploss=-0.0018  entropy=0.783  EV=0.032  FPS=4826  ETA=186min
         reward分量: goal=+0.788 | collision=-0.020 | distance=-0.022 | astar=+0.102 | anti_stuck=-0.244 | stay=-0.001 | pbrs=+0.004 | wall=-0.008
         地图分布(n=2560): 8:313 9:286 10:268 11:200 12:204 13:211 14:227 15:128 16:163 17:130 18:140 19:146 20:144
  ep1190/2000  reward=  157.9  ploss=-0.0017  entropy=0.759  EV=0.030  FPS=4788  ETA=185min
         reward分量: goal=+0.807 | collision=-0.021 | distance=-0.022 | astar=+0.104 | anti_stuck=-0.237 | stay=-0.001 | pbrs=+0.004 | wall=-0.008
         地图分布(n=2560): 8:293 9:287 10:301 11:223 12:214 13:176 14:217 15:140 16:148 17:140 18:139 19:147 20:135
  ep1200/2000  reward=  164.5  ploss=-0.0016  entropy=0.763  EV=0.029  FPS=4763  ETA=183min
         reward分量: goal=+0.780 | collision=-0.020 | distance=-0.022 | astar=+0.103 | anti_stuck=-0.244 | stay=-0.001 | pbrs=+0.003 | wall=-0.008
         地图分布(n=2560): 8:261 9:300 10:268 11:221 12:208 13:234 14:202 15:130 16:158 17:136 18:143 19:155 20:144

──────────────────────────────────────────────────────────────────────
[Phase B] Episode 1200/2000 - 训练评估 & 保存
──────────────────────────────────────────────────────────────────────
  训练评估: 29/40 (72.5%)  ratio=1.05x  timeout=11  collision=0
    small(8-12): 16/20 (80%)  timeout_dist=3.0  stay=26%  loop=16%
    medium(13-17): 11/15 (73%)  timeout_dist=3.8  stay=24%  loop=23%
    large(18-20): 2/5 (40%)  timeout_dist=2.7  stay=43%  loop=50%
  ep1210/2000  reward=  169.4  ploss=-0.0017  entropy=0.756  EV=0.028  FPS=4735  ETA=182min
         reward分量: goal=+0.784 | collision=-0.021 | distance=-0.022 | astar=+0.102 | anti_stuck=-0.247 | stay=-0.001 | pbrs=+0.004 | wall=-0.008
         地图分布(n=2560): 8:272 9:287 10:290 11:219 12:214 13:205 14:238 15:132 16:134 17:148 18:125 19:136 20:160
  ep1220/2000  reward=  165.0  ploss=-0.0018  entropy=0.752  EV=0.029  FPS=4711  ETA=181min
         reward分量: goal=+0.807 | collision=-0.022 | distance=-0.022 | astar=+0.103 | anti_stuck=-0.232 | stay=-0.001 | pbrs=+0.004 | wall=-0.008
         地图分布(n=2560): 8:304 9:271 10:284 11:237 12:210 13:197 14:207 15:129 16:139 17:137 18:153 19:146 20:146
  ep1230/2000  reward=  150.8  ploss=-0.0018  entropy=0.782  EV=0.030  FPS=4686  ETA=179min
         reward分量: goal=+0.794 | collision=-0.020 | distance=-0.022 | astar=+0.104 | anti_stuck=-0.246 | stay=-0.001 | pbrs=+0.004 | wall=-0.008
         地图分布(n=2560): 8:289 9:262 10:272 11:220 12:213 13:188 14:213 15:143 16:161 17:143 18:157 19:140 20:159
  ep1240/2000  reward=  173.9  ploss=-0.0017  entropy=0.747  EV=0.028  FPS=4663  ETA=178min
         reward分量: goal=+0.803 | collision=-0.021 | distance=-0.022 | astar=+0.104 | anti_stuck=-0.235 | stay=-0.001 | pbrs=+0.004 | wall=-0.008
         地图分布(n=2560): 8:280 9:284 10:282 11:215 12:214 13:203 14:232 15:149 16:143 17:150 18:143 19:122 20:143
  ep1250/2000  reward=  164.7  ploss=-0.0022  entropy=0.746  EV=0.027  FPS=4642  ETA=176min
         reward分量: goal=+0.816 | collision=-0.020 | distance=-0.022 | astar=+0.104 | anti_stuck=-0.226 | stay=-0.001 | pbrs=+0.004 | wall=-0.008
         地图分布(n=2560): 8:263 9:301 10:289 11:199 12:220 13:225 14:212 15:141 16:143 17:139 18:135 19:156 20:137
使用GPU进行训练...
[断点续训] 复用已有目录: run1

======================================================================
  实验名称: v8_planE_A
  运行目录: /workspace/zj/light_mappo-main/results/MyEnv/MyEnv/v8_planE_A/run1
  训练模式: phase_b_only
  设备: cuda:0
======================================================================


══════════════════════════════════════════════════════════════════════
                    Phase B: PPO 训练
══════════════════════════════════════════════════════════════════════
  预训练模型: results/MyEnv/MyEnv/full_v8/run1/phase_a_astar/checkpoint_ep190/models
  训练回合数: 2000
  评估间隔: 每 100 回合 (自动保存模型)
  并行环境: 256
  网络结构: 256 × 4 层
══════════════════════════════════════════════════════════════════════

[Phase B] 从 checkpoint ep1200 恢复模型
[Phase B] 跳过已有 1200 episodes, 从 Episode 1201 继续训练

[课程阶段 3/4] 地图: 8-20, max_dist: 30
  ep1210/2000  reward=  157.4  ploss=-0.0018  entropy=0.765  EV=0.031  FPS=311761  ETA=3min
         reward分量: goal=+0.790 | collision=-0.021 | distance=-0.022 | astar=+0.104 | anti_stuck=-0.245 | stay=-0.001 | pbrs=+0.004 | wall=-0.008
         地图分布(n=2560): 8:277 9:270 10:283 11:207 12:209 13:207 14:222 15:137 16:141 17:131 18:140 19:170 20:166
  ep1220/2000  reward=  150.8  ploss=-0.0015  entropy=0.774  EV=0.029  FPS=156324  ETA=5min
         reward分量: goal=+0.772 | collision=-0.019 | distance=-0.022 | astar=+0.103 | anti_stuck=-0.256 | stay=-0.001 | pbrs=+0.003 | wall=-0.008
         地图分布(n=2560): 8:270 9:296 10:281 11:200 12:197 13:193 14:226 15:149 16:120 17:133 18:152 19:166 20:177
  ep1230/2000  reward=  165.6  ploss=-0.0016  entropy=0.751  EV=0.030  FPS=103285  ETA=8min
         reward分量: goal=+0.809 | collision=-0.020 | distance=-0.022 | astar=+0.104 | anti_stuck=-0.230 | stay=-0.001 | pbrs=+0.004 | wall=-0.008
         地图分布(n=2560): 8:290 9:259 10:306 11:214 12:210 13:213 14:200 15:150 16:141 17:149 18:143 19:126 20:159
  ep1240/2000  reward=  161.7  ploss=-0.0019  entropy=0.757  EV=0.028  FPS=76978  ETA=11min
         reward分量: goal=+0.804 | collision=-0.020 | distance=-0.022 | astar=+0.104 | anti_stuck=-0.247 | stay=-0.001 | pbrs=+0.004 | wall=-0.008
         地图分布(n=2560): 8:283 9:267 10:334 11:195 12:202 13:216 14:219 15:145 16:146 17:150 18:127 19:132 20:144
  ep1250/2000  reward=  164.1  ploss=-0.0016  entropy=0.775  EV=0.029  FPS=61894  ETA=13min
         reward分量: goal=+0.815 | collision=-0.020 | distance=-0.022 | astar=+0.104 | anti_stuck=-0.239 | stay=-0.001 | pbrs=+0.004 | wall=-0.008
         地图分布(n=2560): 8:307 9:305 10:298 11:170 12:233 13:203 14:221 15:139 16:137 17:144 18:137 19:129 20:137
  ep1260/2000  reward=  153.0  ploss=-0.0016  entropy=0.766  EV=0.029  FPS=52538  ETA=15min
         reward分量: goal=+0.804 | collision=-0.020 | distance=-0.022 | astar=+0.103 | anti_stuck=-0.247 | stay=-0.001 | pbrs=+0.004 | wall=-0.008
         地图分布(n=2560): 8:308 9:305 10:289 11:213 12:203 13:206 14:202 15:156 16:144 17:132 18:134 19:133 20:135
  ep1270/2000  reward=  155.4  ploss=-0.0017  entropy=0.782  EV=0.029  FPS=46324  ETA=17min
         reward分量: goal=+0.786 | collision=-0.020 | distance=-0.022 | astar=+0.102 | anti_stuck=-0.252 | stay=-0.001 | pbrs=+0.004 | wall=-0.008
         地图分布(n=2560): 8:289 9:275 10:277 11:213 12:237 13:220 14:234 15:109 16:144 17:143 18:146 19:133 20:140
  ep1280/2000  reward=  166.0  ploss=-0.0018  entropy=0.769  EV=0.029  FPS=40951  ETA=19min
         reward分量: goal=+0.788 | collision=-0.018 | distance=-0.022 | astar=+0.102 | anti_stuck=-0.247 | stay=-0.001 | pbrs=+0.004 | wall=-0.008
         地图分布(n=2560): 8:292 9:258 10:297 11:217 12:245 13:189 14:221 15:143 16:137 17:134 18:146 19:135 20:146
  ep1290/2000  reward=  152.6  ploss=-0.0016  entropy=0.773  EV=0.030  FPS=36418  ETA=21min
         reward分量: goal=+0.804 | collision=-0.020 | distance=-0.022 | astar=+0.103 | anti_stuck=-0.241 | stay=-0.001 | pbrs=+0.004 | wall=-0.008
         地图分布(n=2560): 8:304 9:279 10:281 11:208 12:220 13:198 14:216 15:143 16:155 17:117 18:152 19:131 20:156
  ep1300/2000  reward=  167.6  ploss=-0.0016  entropy=0.763  EV=0.029  FPS=32838  ETA=23min
         reward分量: goal=+0.798 | collision=-0.020 | distance=-0.022 | astar=+0.103 | anti_stuck=-0.241 | stay=-0.001 | pbrs=+0.004 | wall=-0.008
         地图分布(n=2560): 8:272 9:291 10:330 11:209 12:222 13:220 14:203 15:131 16:127 17:125 18:142 19:136 20:152

──────────────────────────────────────────────────────────────────────
[Phase B] Episode 1300/2000 - 训练评估 & 保存
──────────────────────────────────────────────────────────────────────
  训练评估: 29/40 (72.5%)  ratio=1.05x  timeout=11  collision=0
    small(8-12): 12/15 (80%)  timeout_dist=8.0  stay=21%  loop=8%
    medium(13-17): 10/14 (71%)  timeout_dist=5.1  stay=27%  loop=20%
    large(18-20): 7/11 (64%)  timeout_dist=2.5  stay=27%  loop=33%
  ★ 新最佳模型! ep1300 (72.5%)
  ep1310/2000  reward=  155.8  ploss=-0.0015  entropy=0.785  EV=0.029  FPS=29677  ETA=25min
         reward分量: goal=+0.796 | collision=-0.020 | distance=-0.022 | astar=+0.104 | anti_stuck=-0.245 | stay=-0.001 | pbrs=+0.004 | wall=-0.008
         地图分布(n=2560): 8:290 9:282 10:259 11:210 12:217 13:223 14:221 15:138 16:147 17:154 18:125 19:153 20:141
  ep1320/2000  reward=  157.2  ploss=-0.0017  entropy=0.780  EV=0.031  FPS=27434  ETA=27min
         reward分量: goal=+0.789 | collision=-0.019 | distance=-0.022 | astar=+0.104 | anti_stuck=-0.241 | stay=-0.001 | pbrs=+0.004 | wall=-0.008
         地图分布(n=2560): 8:269 9:290 10:278 11:245 12:220 13:199 14:189 15:138 16:127 17:149 18:161 19:136 20:159
  ep1330/2000  reward=  148.3  ploss=-0.0017  entropy=0.796  EV=0.029  FPS=25814  ETA=28min
         reward分量: goal=+0.780 | collision=-0.019 | distance=-0.022 | astar=+0.102 | anti_stuck=-0.243 | stay=-0.001 | pbrs=+0.004 | wall=-0.008
         地图分布(n=2560): 8:261 9:289 10:285 11:217 12:186 13:207 14:234 15:157 16:140 17:149 18:140 19:147 20:148
  ep1340/2000  reward=  182.3  ploss=-0.0016  entropy=0.738  EV=0.028  FPS=24385  ETA=30min
         reward分量: goal=+0.821 | collision=-0.020 | distance=-0.022 | astar=+0.104 | anti_stuck=-0.233 | stay=-0.001 | pbrs=+0.004 | wall=-0.008
         地图分布(n=2560): 8:305 9:295 10:275 11:225 12:205 13:214 14:218 15:126 16:133 17:137 18:147 19:146 20:134
  ep1350/2000  reward=  168.8  ploss=-0.0017  entropy=0.744  EV=0.028  FPS=23107  ETA=31min
         reward分量: goal=+0.813 | collision=-0.020 | distance=-0.022 | astar=+0.104 | anti_stuck=-0.237 | stay=-0.001 | pbrs=+0.004 | wall=-0.008
         地图分布(n=2560): 8:296 9:285 10:282 11:229 12:214 13:207 14:234 15:129 16:144 17:129 18:138 19:135 20:138
  ep1360/2000  reward=  175.1  ploss=-0.0018  entropy=0.738  EV=0.029  FPS=21989  ETA=32min
         reward分量: goal=+0.825 | collision=-0.019 | distance=-0.022 | astar=+0.106 | anti_stuck=-0.231 | stay=-0.001 | pbrs=+0.004 | wall=-0.008
         地图分布(n=2560): 8:302 9:294 10:240 11:216 12:213 13:196 14:209 15:148 16:144 17:164 18:137 19:157 20:140
  ep1370/2000  reward=  177.3  ploss=-0.0018  entropy=0.734  EV=0.029  FPS=20956  ETA=33min
         reward分量: goal=+0.836 | collision=-0.020 | distance=-0.022 | astar=+0.105 | anti_stuck=-0.235 | stay=-0.001 | pbrs=+0.004 | wall=-0.008
         地图分布(n=2560): 8:318 9:276 10:274 11:212 12:208 13:238 14:200 15:146 16:144 17:134 18:140 19:130 20:140
  ep1380/2000  reward=  174.7  ploss=-0.0017  entropy=0.753  EV=0.028  FPS=20024  ETA=34min
         reward分量: goal=+0.803 | collision=-0.020 | distance=-0.022 | astar=+0.104 | anti_stuck=-0.233 | stay=-0.001 | pbrs=+0.004 | wall=-0.008
         地图分布(n=2560): 8:266 9:263 10:281 11:225 12:234 13:227 14:211 15:148 16:144 17:135 18:163 19:142 20:121
  ep1390/2000  reward=  165.3  ploss=-0.0020  entropy=0.762  EV=0.029  FPS=19188  ETA=35min
         reward分量: goal=+0.811 | collision=-0.020 | distance=-0.022 | astar=+0.105 | anti_stuck=-0.229 | stay=-0.001 | pbrs=+0.004 | wall=-0.008
         地图分布(n=2560): 8:250 9:283 10:275 11:233 12:214 13:208 14:214 15:139 16:141 17:164 18:130 19:157 20:152
  ep1400/2000  reward=  168.0  ploss=-0.0019  entropy=0.749  EV=0.029  FPS=18371  ETA=36min
         reward分量: goal=+0.812 | collision=-0.020 | distance=-0.022 | astar=+0.104 | anti_stuck=-0.235 | stay=-0.001 | pbrs=+0.004 | wall=-0.008
         地图分布(n=2560): 8:256 9:306 10:311 11:199 12:223 13:198 14:210 15:137 16:169 17:138 18:140 19:137 20:136

──────────────────────────────────────────────────────────────────────
[Phase B] Episode 1400/2000 - 训练评估 & 保存
──────────────────────────────────────────────────────────────────────
  训练评估: 27/40 (67.5%)  ratio=1.01x  timeout=11  collision=2
    small(8-12): 11/13 (85%)  timeout_dist=9.0  stay=27%  loop=6%
    medium(13-17): 10/15 (67%)  timeout_dist=3.0  stay=26%  loop=24%
    large(18-20): 6/12 (50%)  timeout_dist=6.2  stay=19%  loop=45%
  ep1410/2000  reward=  153.8  ploss=-0.0022  entropy=0.778  EV=0.031  FPS=17569  ETA=37min
         reward分量: goal=+0.807 | collision=-0.018 | distance=-0.022 | astar=+0.105 | anti_stuck=-0.233 | stay=-0.001 | pbrs=+0.004 | wall=-0.008
         地图分布(n=2560): 8:280 9:295 10:258 11:237 12:196 13:188 14:212 15:156 16:160 17:151 18:152 19:129 20:146
  ep1420/2000  reward=  166.9  ploss=-0.0017  entropy=0.755  EV=0.030  FPS=16530  ETA=38min
         reward分量: goal=+0.814 | collision=-0.019 | distance=-0.022 | astar=+0.105 | anti_stuck=-0.231 | stay=-0.001 | pbrs=+0.004 | wall=-0.008
         地图分布(n=2560): 8:310 9:246 10:308 11:195 12:224 13:206 14:192 15:150 16:145 17:140 18:151 19:148 20:145
  ep1430/2000  reward=  174.1  ploss=-0.0017  entropy=0.735  EV=0.029  FPS=15815  ETA=39min
         reward分量: goal=+0.836 | collision=-0.020 | distance=-0.022 | astar=+0.105 | anti_stuck=-0.211 | stay=-0.001 | pbrs=+0.004 | wall=-0.007
         地图分布(n=2560): 8:296 9:292 10:276 11:200 12:198 13:232 14:215 15:138 16:150 17:161 18:137 19:145 20:120
  ep1440/2000  reward=  173.0  ploss=-0.0016  entropy=0.726  EV=0.028  FPS=15327  ETA=40min
         reward分量: goal=+0.838 | collision=-0.020 | distance=-0.022 | astar=+0.106 | anti_stuck=-0.216 | stay=-0.001 | pbrs=+0.004 | wall=-0.008
         地图分布(n=2560): 8:273 9:283 10:277 11:235 12:195 13:202 14:213 15:175 16:126 17:132 18:136 19:164 20:149
  ep1450/2000  reward=  158.6  ploss=-0.0019  entropy=0.750  EV=0.031  FPS=14875  ETA=40min
         reward分量: goal=+0.832 | collision=-0.019 | distance=-0.022 | astar=+0.106 | anti_stuck=-0.237 | stay=-0.001 | pbrs=+0.004 | wall=-0.008
         地图分布(n=2560): 8:295 9:280 10:270 11:209 12:210 13:194 14:218 15:140 16:187 17:138 18:141 19:129 20:149
  ep1460/2000  reward=  160.2  ploss=-0.0017  entropy=0.758  EV=0.031  FPS=14441  ETA=41min
         reward分量: goal=+0.819 | collision=-0.019 | distance=-0.022 | astar=+0.106 | anti_stuck=-0.230 | stay=-0.001 | pbrs=+0.004 | wall=-0.008
         地图分布(n=2560): 8:288 9:263 10:277 11:226 12:208 13:221 14:215 15:143 16:130 17:141 18:167 19:138 20:143
  ep1470/2000  reward=  151.3  ploss=-0.0019  entropy=0.758  EV=0.033  FPS=14025  ETA=41min
         reward分量: goal=+0.810 | collision=-0.020 | distance=-0.022 | astar=+0.105 | anti_stuck=-0.241 | stay=-0.001 | pbrs=+0.004 | wall=-0.008
         地图分布(n=2560): 8:290 9:289 10:267 11:245 12:204 13:221 14:218 15:136 16:145 17:137 18:145 19:136 20:127
  ep1480/2000  reward=  155.3  ploss=-0.0019  entropy=0.745  EV=0.030  FPS=13611  ETA=42min
         reward分量: goal=+0.813 | collision=-0.019 | distance=-0.022 | astar=+0.106 | anti_stuck=-0.234 | stay=-0.001 | pbrs=+0.004 | wall=-0.008
         地图分布(n=2560): 8:265 9:287 10:287 11:222 12:188 13:220 14:216 15:141 16:149 17:136 18:180 19:138 20:131
  ep1490/2000  reward=  149.9  ploss=-0.0018  entropy=0.773  EV=0.030  FPS=13224  ETA=42min
         reward分量: goal=+0.814 | collision=-0.019 | distance=-0.022 | astar=+0.105 | anti_stuck=-0.234 | stay=-0.001 | pbrs=+0.004 | wall=-0.008
         地图分布(n=2560): 8:314 9:280 10:268 11:193 12:217 13:216 14:219 15:142 16:132 17:150 18:153 19:138 20:138
  ep1500/2000  reward=  178.2  ploss=-0.0017  entropy=0.759  EV=0.031  FPS=12713  ETA=43min
         reward分量: goal=+0.812 | collision=-0.019 | distance=-0.022 | astar=+0.105 | anti_stuck=-0.248 | stay=-0.001 | pbrs=+0.004 | wall=-0.009
         地图分布(n=2560): 8:310 9:282 10:285 11:225 12:205 13:210 14:203 15:139 16:143 17:137 18:135 19:142 20:144

──────────────────────────────────────────────────────────────────────
[Phase B] Episode 1500/2000 - 训练评估 & 保存
──────────────────────────────────────────────────────────────────────
  训练评估: 33/40 (82.5%)  ratio=1.04x  timeout=5  collision=2
    small(8-12): 13/14 (93%)  timeout_dist=1.5  stay=21%  loop=6%
    medium(13-17): 12/14 (86%)  timeout_dist=3.5  stay=23%  loop=8%
    large(18-20): 8/12 (67%)  timeout_dist=4.2  stay=15%  loop=23%
  ★ 新最佳模型! ep1500 (82.5%)

[课程阶段 4/4] 地图: 8-22, max_dist: 无限制
  ep1510/2000  reward=  142.1  ploss=-0.0019  entropy=0.771  EV=0.032  FPS=12233  ETA=44min
         reward分量: goal=+0.729 | collision=-0.017 | distance=-0.022 | astar=+0.105 | anti_stuck=-0.233 | stay=-0.001 | pbrs=+0.003 | wall=-0.008
         地图分布(n=2560): 8:225 9:197 10:222 11:173 12:174 13:163 14:160 15:145 16:161 17:156 18:143 19:166 20:155 21:143 22:177
  ep1520/2000  reward=  157.4  ploss=-0.0018  entropy=0.740  EV=0.032  FPS=11951  ETA=44min
         reward分量: goal=+0.746 | collision=-0.017 | distance=-0.022 | astar=+0.106 | anti_stuck=-0.221 | stay=-0.001 | pbrs=+0.003 | wall=-0.008
         地图分布(n=2560): 8:224 9:220 10:197 11:164 12:165 13:166 14:148 15:155 16:154 17:170 18:149 19:165 20:168 21:167 22:148
  ep1530/2000  reward=  154.7  ploss=-0.0015  entropy=0.729  EV=0.031  FPS=11672  ETA=44min
         reward分量: goal=+0.742 | collision=-0.016 | distance=-0.022 | astar=+0.106 | anti_stuck=-0.224 | stay=-0.001 | pbrs=+0.003 | wall=-0.008
         地图分布(n=2560): 8:191 9:231 10:216 11:162 12:166 13:155 14:169 15:184 16:161 17:158 18:167 19:149 20:127 21:159 22:165
  ep1540/2000  reward=  159.4  ploss=-0.0018  entropy=0.738  EV=0.030  FPS=11394  ETA=44min
         reward分量: goal=+0.747 | collision=-0.017 | distance=-0.022 | astar=+0.106 | anti_stuck=-0.223 | stay=-0.001 | pbrs=+0.003 | wall=-0.008
         地图分布(n=2560): 8:207 9:205 10:226 11:161 12:143 13:175 14:152 15:169 16:171 17:151 18:148 19:164 20:157 21:169 22:162
  ep1550/2000  reward=  134.6  ploss=-0.0018  entropy=0.782  EV=0.034  FPS=11129  ETA=44min
         reward分量: goal=+0.729 | collision=-0.017 | distance=-0.022 | astar=+0.105 | anti_stuck=-0.224 | stay=-0.001 | pbrs=+0.003 | wall=-0.008
         地图分布(n=2560): 8:183 9:198 10:219 11:155 12:161 13:183 14:150 15:165 16:163 17:173 18:139 19:166 20:175 21:173 22:157
  ep1560/2000  reward=  150.5  ploss=-0.0017  entropy=0.764  EV=0.034  FPS=10903  ETA=44min
         reward分量: goal=+0.744 | collision=-0.017 | distance=-0.022 | astar=+0.106 | anti_stuck=-0.221 | stay=-0.001 | pbrs=+0.003 | wall=-0.008
         地图分布(n=2560): 8:209 9:216 10:179 11:160 12:167 13:180 14:178 15:171 16:163 17:156 18:158 19:141 20:152 21:152 22:178
  ep1570/2000  reward=  142.8  ploss=-0.0019  entropy=0.765  EV=0.032  FPS=10695  ETA=44min
         reward分量: goal=+0.756 | collision=-0.018 | distance=-0.022 | astar=+0.106 | anti_stuck=-0.221 | stay=-0.001 | pbrs=+0.003 | wall=-0.008
         地图分布(n=2560): 8:208 9:229 10:220 11:179 12:156 13:157 14:175 15:136 16:155 17:148 18:149 19:165 20:164 21:155 22:164
  ep1580/2000  reward=  161.6  ploss=-0.0017  entropy=0.752  EV=0.032  FPS=10496  ETA=44min
         reward分量: goal=+0.744 | collision=-0.017 | distance=-0.022 | astar=+0.106 | anti_stuck=-0.217 | stay=-0.001 | pbrs=+0.003 | wall=-0.008
         地图分布(n=2560): 8:197 9:194 10:193 11:155 12:164 13:155 14:160 15:172 16:163 17:158 18:179 19:185 20:155 21:162 22:168
  ep1590/2000  reward=  143.2  ploss=-0.0016  entropy=0.753  EV=0.033  FPS=10312  ETA=43min
         reward分量: goal=+0.750 | collision=-0.017 | distance=-0.022 | astar=+0.107 | anti_stuck=-0.223 | stay=-0.001 | pbrs=+0.003 | wall=-0.008
         地图分布(n=2560): 8:221 9:213 10:214 11:152 12:123 13:171 14:168 15:167 16:147 17:170 18:156 19:177 20:181 21:156 22:144
  ep1600/2000  reward=  141.0  ploss=-0.0019  entropy=0.742  EV=0.031  FPS=10137  ETA=43min
         reward分量: goal=+0.748 | collision=-0.016 | distance=-0.022 | astar=+0.106 | anti_stuck=-0.221 | stay=-0.001 | pbrs=+0.003 | wall=-0.008
         地图分布(n=2560): 8:195 9:231 10:201 11:172 12:151 13:173 14:147 15:159 16:146 17:176 18:150 19:169 20:160 21:161 22:169

──────────────────────────────────────────────────────────────────────
[Phase B] Episode 1600/2000 - 训练评估 & 保存
──────────────────────────────────────────────────────────────────────
  训练评估: 33/40 (82.5%)  ratio=1.00x  timeout=7  collision=0
    small(8-12): 9/12 (75%)  timeout_dist=5.7  stay=23%  loop=11%
    medium(13-17): 13/15 (87%)  timeout_dist=3.0  stay=31%  loop=12%
    large(18-22): 11/13 (85%)  timeout_dist=5.8  stay=21%  loop=14%
  ep1610/2000  reward=  156.1  ploss=-0.0019  entropy=0.744  EV=0.032  FPS=9959  ETA=43min
         reward分量: goal=+0.743 | collision=-0.017 | distance=-0.022 | astar=+0.105 | anti_stuck=-0.221 | stay=-0.001 | pbrs=+0.003 | wall=-0.008
         地图分布(n=2560): 8:218 9:204 10:195 11:165 12:189 13:170 14:148 15:158 16:170 17:167 18:150 19:170 20:151 21:150 22:155
  ep1620/2000  reward=  147.1  ploss=-0.0017  entropy=0.752  EV=0.034  FPS=9791  ETA=42min
         reward分量: goal=+0.754 | collision=-0.017 | distance=-0.022 | astar=+0.107 | anti_stuck=-0.225 | stay=-0.001 | pbrs=+0.003 | wall=-0.008
         地图分布(n=2560): 8:228 9:216 10:191 11:161 12:169 13:150 14:164 15:136 16:145 17:153 18:183 19:168 20:177 21:157 22:162
  ep1630/2000  reward=  159.4  ploss=-0.0017  entropy=0.733  EV=0.034  FPS=9637  ETA=42min
         reward分量: goal=+0.740 | collision=-0.017 | distance=-0.022 | astar=+0.106 | anti_stuck=-0.222 | stay=-0.001 | pbrs=+0.003 | wall=-0.008
         地图分布(n=2560): 8:229 9:205 10:190 11:172 12:154 13:160 14:144 15:202 16:156 17:152 18:169 19:167 20:160 21:142 22:158
  ep1640/2000  reward=  159.5  ploss=-0.0016  entropy=0.758  EV=0.033  FPS=9487  ETA=41min
         reward分量: goal=+0.741 | collision=-0.017 | distance=-0.022 | astar=+0.106 | anti_stuck=-0.224 | stay=-0.001 | pbrs=+0.003 | wall=-0.008
         地图分布(n=2560): 8:215 9:201 10:218 11:170 12:156 13:159 14:171 15:151 16:165 17:150 18:160 19:157 20:143 21:173 22:171
  ep1650/2000  reward=  135.2  ploss=-0.0017  entropy=0.761  EV=0.031  FPS=9347  ETA=41min
         reward分量: goal=+0.753 | collision=-0.017 | distance=-0.022 | astar=+0.107 | anti_stuck=-0.218 | stay=-0.001 | pbrs=+0.003 | wall=-0.008
         地图分布(n=2560): 8:221 9:218 10:198 11:133 12:167 13:156 14:163 15:159 16:153 17:140 18:178 19:166 20:192 21:166 22:150
  ep1660/2000  reward=  153.3  ploss=-0.0018  entropy=0.740  EV=0.033  FPS=9213  ETA=40min
         reward分量: goal=+0.741 | collision=-0.016 | distance=-0.022 | astar=+0.107 | anti_stuck=-0.217 | stay=-0.001 | pbrs=+0.003 | wall=-0.008
         地图分布(n=2560): 8:185 9:204 10:219 11:159 12:159 13:152 14:153 15:153 16:183 17:164 18:180 19:166 20:170 21:141 22:172
  ep1670/2000  reward=  150.2  ploss=-0.0019  entropy=0.745  EV=0.033  FPS=9080  ETA=40min
         reward分量: goal=+0.753 | collision=-0.016 | distance=-0.022 | astar=+0.107 | anti_stuck=-0.214 | stay=-0.001 | pbrs=+0.003 | wall=-0.008
         地图分布(n=2560): 8:199 9:205 10:212 11:156 12:145 13:164 14:176 15:163 16:163 17:162 18:159 19:158 20:167 21:156 22:175
  ep1680/2000  reward=  156.5  ploss=-0.0017  entropy=0.729  EV=0.031  FPS=8954  ETA=39min
         reward分量: goal=+0.768 | collision=-0.017 | distance=-0.022 | astar=+0.108 | anti_stuck=-0.219 | stay=-0.001 | pbrs=+0.003 | wall=-0.008
         地图分布(n=2560): 8:212 9:204 10:224 11:171 12:158 13:153 14:179 15:180 16:144 17:161 18:152 19:152 20:166 21:166 22:138
  ep1690/2000  reward=  142.4  ploss=-0.0017  entropy=0.764  EV=0.031  FPS=8829  ETA=38min
         reward分量: goal=+0.744 | collision=-0.017 | distance=-0.022 | astar=+0.106 | anti_stuck=-0.225 | stay=-0.001 | pbrs=+0.003 | wall=-0.008
         地图分布(n=2560): 8:205 9:204 10:203 11:154 12:167 13:157 14:176 15:157 16:170 17:154 18:157 19:166 20:166 21:159 22:165
  ep1700/2000  reward=  161.7  ploss=-0.0019  entropy=0.737  EV=0.033  FPS=8711  ETA=38min
         reward分量: goal=+0.759 | collision=-0.017 | distance=-0.022 | astar=+0.107 | anti_stuck=-0.220 | stay=-0.001 | pbrs=+0.003 | wall=-0.008
         地图分布(n=2560): 8:219 9:225 10:223 11:166 12:154 13:158 14:151 15:142 16:166 17:155 18:165 19:153 20:167 21:170 22:146

──────────────────────────────────────────────────────────────────────
[Phase B] Episode 1700/2000 - 训练评估 & 保存
──────────────────────────────────────────────────────────────────────
  训练评估: 26/40 (65.0%)  ratio=1.06x  timeout=13  collision=1
    small(8-12): 10/14 (71%)  timeout_dist=3.5  stay=26%  loop=17%
    medium(13-17): 11/15 (73%)  timeout_dist=8.6  stay=16%  loop=14%
    large(18-22): 5/11 (45%)  timeout_dist=5.2  stay=25%  loop=42%
  ep1710/2000  reward=  158.4  ploss=-0.0018  entropy=0.731  EV=0.034  FPS=8596  ETA=37min
         reward分量: goal=+0.750 | collision=-0.016 | distance=-0.022 | astar=+0.106 | anti_stuck=-0.219 | stay=-0.001 | pbrs=+0.003 | wall=-0.008
         地图分布(n=2560): 8:229 9:212 10:199 11:152 12:160 13:176 14:162 15:170 16:152 17:145 18:190 19:146 20:166 21:154 22:147
  ep1720/2000  reward=  124.6  ploss=-0.0019  entropy=0.782  EV=0.031  FPS=8490  ETA=36min
         reward分量: goal=+0.736 | collision=-0.016 | distance=-0.022 | astar=+0.107 | anti_stuck=-0.216 | stay=-0.001 | pbrs=+0.003 | wall=-0.008
         地图分布(n=2560): 8:203 9:184 10:199 11:171 12:161 13:127 14:144 15:162 16:153 17:160 18:193 19:186 20:167 21:167 22:183
  ep1730/2000  reward=  172.0  ploss=-0.0016  entropy=0.721  EV=0.034  FPS=8387  ETA=35min
         reward分量: goal=+0.756 | collision=-0.017 | distance=-0.022 | astar=+0.108 | anti_stuck=-0.219 | stay=-0.001 | pbrs=+0.003 | wall=-0.008
         地图分布(n=2560): 8:198 9:210 10:221 11:165 12:158 13:153 14:161 15:166 16:168 17:169 18:160 19:177 20:151 21:153 22:150
  ep1740/2000  reward=  170.1  ploss=-0.0017  entropy=0.715  EV=0.033  FPS=8286  ETA=34min
         reward分量: goal=+0.764 | collision=-0.016 | distance=-0.022 | astar=+0.108 | anti_stuck=-0.207 | stay=-0.001 | pbrs=+0.003 | wall=-0.008
         地图分布(n=2560): 8:195 9:237 10:191 11:162 12:164 13:148 14:162 15:162 16:140 17:168 18:163 19:149 20:179 21:174 22:166
  ep1750/2000  reward=  134.3  ploss=-0.0018  entropy=0.769  EV=0.034  FPS=8185  ETA=33min
         reward分量: goal=+0.748 | collision=-0.017 | distance=-0.022 | astar=+0.106 | anti_stuck=-0.223 | stay=-0.001 | pbrs=+0.003 | wall=-0.008
         地图分布(n=2560): 8:201 9:196 10:222 11:168 12:174 13:154 14:147 15:157 16:155 17:171 18:162 19:135 20:159 21:176 22:183
  ep1760/2000  reward=  145.8  ploss=-0.0018  entropy=0.763  EV=0.033  FPS=8092  ETA=32min
         reward分量: goal=+0.748 | collision=-0.017 | distance=-0.022 | astar=+0.106 | anti_stuck=-0.226 | stay=-0.001 | pbrs=+0.003 | wall=-0.008
         地图分布(n=2560): 8:214 9:241 10:196 11:151 12:131 13:158 14:173 15:163 16:146 17:161 18:170 19:158 20:170 21:172 22:156
  ep1770/2000  reward=  170.9  ploss=-0.0018  entropy=0.723  EV=0.032  FPS=8001  ETA=31min
         reward分量: goal=+0.765 | collision=-0.016 | distance=-0.022 | astar=+0.108 | anti_stuck=-0.215 | stay=-0.001 | pbrs=+0.003 | wall=-0.008
         地图分布(n=2560): 8:233 9:205 10:217 11:159 12:140 13:193 14:157 15:157 16:137 17:156 18:166 19:172 20:174 21:146 22:148
  ep1780/2000  reward=  170.6  ploss=-0.0018  entropy=0.708  EV=0.032  FPS=7915  ETA=30min
         reward分量: goal=+0.779 | collision=-0.016 | distance=-0.022 | astar=+0.107 | anti_stuck=-0.202 | stay=-0.001 | pbrs=+0.004 | wall=-0.008
         地图分布(n=2560): 8:207 9:202 10:193 11:183 12:184 13:157 14:166 15:162 16:153 17:160 18:164 19:116 20:168 21:168 22:177
  ep1790/2000  reward=  153.7  ploss=-0.0018  entropy=0.730  EV=0.032  FPS=7829  ETA=29min
         reward分量: goal=+0.779 | collision=-0.017 | distance=-0.022 | astar=+0.108 | anti_stuck=-0.210 | stay=-0.001 | pbrs=+0.004 | wall=-0.008
         地图分布(n=2560): 8:229 9:217 10:216 11:159 12:165 13:167 14:137 15:159 16:167 17:150 18:161 19:145 20:174 21:155 22:159
  ep1800/2000  reward=  165.8  ploss=-0.0017  entropy=0.708  EV=0.033  FPS=7745  ETA=28min
         reward分量: goal=+0.783 | collision=-0.018 | distance=-0.022 | astar=+0.108 | anti_stuck=-0.207 | stay=-0.001 | pbrs=+0.004 | wall=-0.008
         地图分布(n=2560): 8:212 9:223 10:195 11:189 12:167 13:142 14:132 15:173 16:149 17:176 18:150 19:161 20:169 21:179 22:143

──────────────────────────────────────────────────────────────────────
[Phase B] Episode 1800/2000 - 训练评估 & 保存
──────────────────────────────────────────────────────────────────────
  训练评估: 34/40 (85.0%)  ratio=1.03x  timeout=6  collision=0
    small(8-12): 11/11 (100%)  stay=19%  loop=0%
    medium(13-17): 10/14 (71%)  timeout_dist=12.2  stay=21%  loop=11%
    large(18-22): 13/15 (87%)  timeout_dist=4.0  stay=20%  loop=12%
  ★ 新最佳模型! ep1800 (85.0%)
  ep1810/2000  reward=  143.1  ploss=-0.0017  entropy=0.738  EV=0.034  FPS=7660  ETA=27min
         reward分量: goal=+0.758 | collision=-0.017 | distance=-0.022 | astar=+0.107 | anti_stuck=-0.225 | stay=-0.001 | pbrs=+0.003 | wall=-0.008
         地图分布(n=2560): 8:205 9:213 10:238 11:145 12:143 13:142 14:168 15:151 16:135 17:177 18:179 19:153 20:160 21:175 22:176
  ep1820/2000  reward=  145.7  ploss=-0.0022  entropy=0.738  EV=0.031  FPS=7577  ETA=26min
         reward分量: goal=+0.772 | collision=-0.018 | distance=-0.022 | astar=+0.108 | anti_stuck=-0.216 | stay=-0.001 | pbrs=+0.003 | wall=-0.008
         地图分布(n=2560): 8:230 9:217 10:202 11:143 12:162 13:170 14:160 15:151 16:160 17:168 18:164 19:163 20:172 21:155 22:143
  ep1830/2000  reward=  154.1  ploss=-0.0019  entropy=0.714  EV=0.031  FPS=7499  ETA=25min
         reward分量: goal=+0.783 | collision=-0.017 | distance=-0.022 | astar=+0.108 | anti_stuck=-0.203 | stay=-0.001 | pbrs=+0.004 | wall=-0.008
         地图分布(n=2560): 8:227 9:192 10:231 11:172 12:166 13:160 14:175 15:143 16:159 17:160 18:174 19:154 20:163 21:128 22:156
  ep1840/2000  reward=  146.1  ploss=-0.0019  entropy=0.762  EV=0.034  FPS=7424  ETA=24min
         reward分量: goal=+0.750 | collision=-0.017 | distance=-0.022 | astar=+0.107 | anti_stuck=-0.212 | stay=-0.001 | pbrs=+0.003 | wall=-0.008
         地图分布(n=2560): 8:193 9:208 10:210 11:165 12:126 13:162 14:164 15:172 16:160 17:163 18:183 19:145 20:173 21:168 22:168
  ep1850/2000  reward=  170.7  ploss=-0.0016  entropy=0.710  EV=0.032  FPS=7354  ETA=22min
         reward分量: goal=+0.769 | collision=-0.016 | distance=-0.022 | astar=+0.107 | anti_stuck=-0.204 | stay=-0.001 | pbrs=+0.003 | wall=-0.008
         地图分布(n=2560): 8:239 9:202 10:189 11:144 12:157 13:195 14:168 15:170 16:170 17:165 18:137 19:167 20:140 21:155 22:162
  ep1860/2000  reward=  147.0  ploss=-0.0017  entropy=0.766  EV=0.033  FPS=7284  ETA=21min
         reward分量: goal=+0.763 | collision=-0.016 | distance=-0.022 | astar=+0.108 | anti_stuck=-0.211 | stay=-0.001 | pbrs=+0.003 | wall=-0.008
         地图分布(n=2560): 8:222 9:216 10:206 11:169 12:159 13:135 14:146 15:167 16:178 17:144 18:163 19:179 20:172 21:158 22:146
  ep1870/2000  reward=  166.9  ploss=-0.0017  entropy=0.729  EV=0.034  FPS=7219  ETA=20min
         reward分量: goal=+0.759 | collision=-0.016 | distance=-0.022 | astar=+0.107 | anti_stuck=-0.207 | stay=-0.001 | pbrs=+0.003 | wall=-0.008
         地图分布(n=2560): 8:207 9:231 10:209 11:152 12:166 13:152 14:162 15:143 16:177 17:160 18:165 19:172 20:160 21:146 22:158
  ep1880/2000  reward=  154.5  ploss=-0.0019  entropy=0.752  EV=0.035  FPS=7154  ETA=18min
         reward分量: goal=+0.772 | collision=-0.017 | distance=-0.022 | astar=+0.107 | anti_stuck=-0.216 | stay=-0.001 | pbrs=+0.003 | wall=-0.008
         地图分布(n=2560): 8:230 9:219 10:188 11:161 12:185 13:187 14:150 15:154 16:167 17:139 18:158 19:155 20:174 21:146 22:147
  ep1890/2000  reward=  161.2  ploss=-0.0019  entropy=0.716  EV=0.031  FPS=7090  ETA=17min
         reward分量: goal=+0.778 | collision=-0.017 | distance=-0.022 | astar=+0.108 | anti_stuck=-0.202 | stay=-0.001 | pbrs=+0.004 | wall=-0.008
         地图分布(n=2560): 8:205 9:218 10:194 11:185 12:138 13:143 14:183 15:172 16:155 17:150 18:175 19:176 20:154 21:157 22:155
  ep1900/2000  reward=  170.8  ploss=-0.0021  entropy=0.729  EV=0.033  FPS=7030  ETA=16min
         reward分量: goal=+0.771 | collision=-0.016 | distance=-0.022 | astar=+0.108 | anti_stuck=-0.207 | stay=-0.001 | pbrs=+0.003 | wall=-0.008
         地图分布(n=2560): 8:229 9:206 10:204 11:172 12:154 13:168 14:155 15:169 16:154 17:159 18:137 19:162 20:167 21:176 22:148

──────────────────────────────────────────────────────────────────────
[Phase B] Episode 1900/2000 - 训练评估 & 保存
──────────────────────────────────────────────────────────────────────
  训练评估: 34/40 (85.0%)  ratio=1.03x  timeout=5  collision=1
    small(8-12): 16/18 (89%)  timeout_dist=3.5  stay=25%  loop=6%
    medium(13-17): 9/10 (90%)  stay=24%  loop=1%
    large(18-22): 9/12 (75%)  timeout_dist=4.5  stay=28%  loop=22%
  ep1910/2000  reward=  151.2  ploss=-0.0020  entropy=0.752  EV=0.035  FPS=6972  ETA=14min
         reward分量: goal=+0.771 | collision=-0.017 | distance=-0.022 | astar=+0.107 | anti_stuck=-0.206 | stay=-0.001 | pbrs=+0.003 | wall=-0.008
         地图分布(n=2560): 8:218 9:199 10:235 11:156 12:152 13:152 14:147 15:156 16:167 17:177 18:126 19:192 20:156 21:154 22:173
  ep1920/2000  reward=  169.4  ploss=-0.0022  entropy=0.719  EV=0.033  FPS=6915  ETA=13min
         reward分量: goal=+0.782 | collision=-0.017 | distance=-0.022 | astar=+0.108 | anti_stuck=-0.210 | stay=-0.001 | pbrs=+0.004 | wall=-0.008
         地图分布(n=2560): 8:252 9:200 10:192 11:154 12:154 13:176 14:167 15:157 16:163 17:159 18:181 19:138 20:168 21:169 22:130
  ep1930/2000  reward=  164.0  ploss=-0.0016  entropy=0.706  EV=0.034  FPS=6859  ETA=11min
         reward分量: goal=+0.790 | collision=-0.017 | distance=-0.022 | astar=+0.109 | anti_stuck=-0.199 | stay=-0.001 | pbrs=+0.004 | wall=-0.008
         地图分布(n=2560): 8:200 9:223 10:232 11:157 12:147 13:160 14:150 15:156 16:159 17:162 18:182 19:169 20:172 21:151 22:140
  ep1940/2000  reward=  153.5  ploss=-0.0017  entropy=0.736  EV=0.035  FPS=6802  ETA=10min
         reward分量: goal=+0.780 | collision=-0.017 | distance=-0.022 | astar=+0.108 | anti_stuck=-0.216 | stay=-0.001 | pbrs=+0.004 | wall=-0.008
         地图分布(n=2560): 8:217 9:218 10:220 11:151 12:175 13:155 14:156 15:165 16:175 17:153 18:145 19:159 20:162 21:148 22:161
  ep1950/2000  reward=  140.2  ploss=-0.0017  entropy=0.740  EV=0.033  FPS=6742  ETA=8min
         reward分量: goal=+0.771 | collision=-0.016 | distance=-0.022 | astar=+0.108 | anti_stuck=-0.214 | stay=-0.001 | pbrs=+0.003 | wall=-0.008
         地图分布(n=2560): 8:216 9:223 10:199 11:161 12:162 13:147 14:138 15:173 16:166 17:177 18:156 19:152 20:153 21:172 22:165
  ep1960/2000  reward=  143.0  ploss=-0.0018  entropy=0.750  EV=0.032  FPS=6683  ETA=7min
         reward分量: goal=+0.771 | collision=-0.016 | distance=-0.022 | astar=+0.108 | anti_stuck=-0.215 | stay=-0.001 | pbrs=+0.003 | wall=-0.008
         地图分布(n=2560): 8:228 9:218 10:215 11:153 12:171 13:144 14:163 15:169 16:169 17:150 18:143 19:162 20:155 21:160 22:160
  ep1970/2000  reward=  143.0  ploss=-0.0018  entropy=0.741  EV=0.032  FPS=6634  ETA=5min
         reward分量: goal=+0.775 | collision=-0.017 | distance=-0.022 | astar=+0.108 | anti_stuck=-0.204 | stay=-0.001 | pbrs=+0.004 | wall=-0.008
         地图分布(n=2560): 8:222 9:201 10:230 11:160 12:147 13:142 14:146 15:156 16:162 17:174 18:158 19:176 20:165 21:156 22:165
使用GPU进行训练...
[断点续训] 复用已有目录: run1

======================================================================
  实验名称: v8_planE_A
  运行目录: /workspace/zj/light_mappo-main/results/MyEnv/MyEnv/v8_planE_A/run1
  训练模式: phase_b_only
  设备: cuda:0
======================================================================


══════════════════════════════════════════════════════════════════════
                    Phase B: PPO 训练
══════════════════════════════════════════════════════════════════════
  预训练模型: results/MyEnv/MyEnv/full_v8/run1/phase_a_astar/checkpoint_ep190/models
  训练回合数: 2000
  评估间隔: 每 100 回合 (自动保存模型)
  并行环境: 256
  网络结构: 256 × 4 层
══════════════════════════════════════════════════════════════════════

[Phase B] 从 checkpoint ep1900 恢复模型
[Phase B] 跳过已有 1900 episodes, 从 Episode 1901 继续训练

[课程阶段 4/4] 地图: 8-22, max_dist: 无限制
  ep1910/2000  reward=  148.0  ploss=-0.0016  entropy=0.728  EV=0.036  FPS=463209  ETA=0min
         reward分量: goal=+0.788 | collision=-0.018 | distance=-0.022 | astar=+0.108 | anti_stuck=-0.198 | stay=-0.001 | pbrs=+0.004 | wall=-0.008
         地图分布(n=2560): 8:225 9:196 10:220 11:153 12:145 13:170 14:159 15:173 16:176 17:151 18:168 19:143 20:138 21:184 22:159
  ep1920/2000  reward=  167.7  ploss=-0.0019  entropy=0.733  EV=0.032  FPS=227265  ETA=0min
         reward分量: goal=+0.787 | collision=-0.016 | distance=-0.022 | astar=+0.109 | anti_stuck=-0.205 | stay=-0.001 | pbrs=+0.004 | wall=-0.008
         地图分布(n=2560): 8:213 9:202 10:226 11:178 12:178 13:150 14:133 15:176 16:154 17:191 18:156 19:152 20:161 21:137 22:153
  ep1930/2000  reward=  167.1  ploss=-0.0021  entropy=0.736  EV=0.031  FPS=141815  ETA=1min
         reward分量: goal=+0.750 | collision=-0.016 | distance=-0.022 | astar=+0.106 | anti_stuck=-0.218 | stay=-0.001 | pbrs=+0.003 | wall=-0.008
         地图分布(n=2560): 8:225 9:208 10:216 11:137 12:162 13:148 14:166 15:159 16:172 17:155 18:166 19:162 20:160 21:170 22:154
  ep1940/2000  reward=  166.3  ploss=-0.0015  entropy=0.734  EV=0.032  FPS=102005  ETA=1min
         reward分量: goal=+0.762 | collision=-0.016 | distance=-0.022 | astar=+0.107 | anti_stuck=-0.209 | stay=-0.001 | pbrs=+0.003 | wall=-0.008
         地图分布(n=2560): 8:202 9:228 10:224 11:185 12:166 13:163 14:143 15:158 16:151 17:163 18:154 19:158 20:138 21:168 22:159
  ep1950/2000  reward=  147.9  ploss=-0.0019  entropy=0.762  EV=0.034  FPS=81062  ETA=1min
         reward分量: goal=+0.771 | collision=-0.016 | distance=-0.022 | astar=+0.108 | anti_stuck=-0.209 | stay=-0.001 | pbrs=+0.003 | wall=-0.008
         地图分布(n=2560): 8:208 9:228 10:210 11:159 12:169 13:150 14:165 15:169 16:168 17:163 18:158 19:159 20:162 21:150 22:142
  ep1960/2000  reward=  170.6  ploss=-0.0018  entropy=0.733  EV=0.033  FPS=66878  ETA=1min
         reward分量: goal=+0.773 | collision=-0.017 | distance=-0.022 | astar=+0.109 | anti_stuck=-0.208 | stay=-0.001 | pbrs=+0.003 | wall=-0.008
         地图分布(n=2560): 8:207 9:226 10:249 11:159 12:163 13:157 14:154 15:146 16:142 17:155 18:183 19:153 20:164 21:152 22:150
  ep1970/2000  reward=  167.1  ploss=-0.0018  entropy=0.727  EV=0.033  FPS=56014  ETA=1min
         reward分量: goal=+0.786 | collision=-0.017 | distance=-0.022 | astar=+0.109 | anti_stuck=-0.205 | stay=-0.001 | pbrs=+0.004 | wall=-0.008
         地图分布(n=2560): 8:208 9:228 10:222 11:167 12:159 13:160 14:151 15:137 16:159 17:167 18:154 19:155 20:161 21:167 22:165
  ep1980/2000  reward=  147.4  ploss=-0.0020  entropy=0.744  EV=0.033  FPS=49062  ETA=0min
         reward分量: goal=+0.757 | collision=-0.016 | distance=-0.022 | astar=+0.108 | anti_stuck=-0.216 | stay=-0.001 | pbrs=+0.003 | wall=-0.008
         地图分布(n=2560): 8:197 9:233 10:233 11:141 12:152 13:147 14:146 15:184 16:149 17:155 18:194 19:164 20:139 21:149 22:177
  ep1990/2000  reward=  141.7  ploss=-0.0018  entropy=0.733  EV=0.036  FPS=43564  ETA=0min
         reward分量: goal=+0.768 | collision=-0.016 | distance=-0.022 | astar=+0.107 | anti_stuck=-0.212 | stay=-0.001 | pbrs=+0.003 | wall=-0.008
         地图分布(n=2560): 8:215 9:219 10:213 11:168 12:160 13:172 14:162 15:162 16:161 17:136 18:165 19:178 20:153 21:141 22:155
  ep2000/2000  reward=  168.7  ploss=-0.0018  entropy=0.720  EV=0.033  FPS=38676  ETA=0min
         reward分量: goal=+0.785 | collision=-0.017 | distance=-0.022 | astar=+0.109 | anti_stuck=-0.196 | stay=-0.001 | pbrs=+0.004 | wall=-0.008
         地图分布(n=2560): 8:199 9:218 10:211 11:161 12:159 13:176 14:156 15:182 16:177 17:142 18:150 19:154 20:156 21:151 22:168

──────────────────────────────────────────────────────────────────────
[Phase B] Episode 2000/2000 - 训练评估 & 保存
──────────────────────────────────────────────────────────────────────
  训练评估: 31/40 (77.5%)  ratio=1.03x  timeout=7  collision=2
    small(8-12): 13/15 (87%)  timeout_dist=12.0  stay=14%  loop=3%
    medium(13-17): 10/16 (62%)  timeout_dist=2.4  stay=29%  loop=28%
    large(18-22): 8/9 (89%)  timeout_dist=8.5  stay=21%  loop=1%
  ★ 新最佳模型! ep2000 (77.5%)

══════════════════════════════════════════════════════════════════════
[Phase B] 训练完成！
══════════════════════════════════════════════════════════════════════
  总耗时: 56.6 分钟
  最佳训练评估: ep2000 (77.5%)
  最佳模型位置: /workspace/zj/light_mappo-main/results/MyEnv/MyEnv/v8_planE_A/run1/phase_b_ppo/best_model/

  训练评估对比:
  ┌──────────┬──────────┬──────────┬─────────────┐
  │   回合   │  成功率   │ 步数比   │   模型      │
  ├──────────┼──────────┼──────────┼─────────────┤
  │   ep2000  │   77.5%  │   1.03x  │ ✓ BEST      │
  └──────────┴──────────┴──────────┴─────────────┘

  共保存 1 个 checkpoint
  保存位置: /workspace/zj/light_mappo-main/results/MyEnv/MyEnv/v8_planE_A/run1/phase_b_ppo
══════════════════════════════════════════════════════════════════════

